C51 COMPILER V9.60.0.0   MAIN                                                              04/01/2023 16:55:01 PAGE 1   


C51 COMPILER V9.60.0.0, COMPILATION OF MODULE MAIN
OBJECT MODULE PLACED IN ..\Output\main.obj
COMPILER INVOKED BY: d:\Keil_v5\C51\BIN\C51.EXE ..\Source\main.c OPTIMIZE(8,SPEED) BROWSE DEBUG OBJECTEXTEND PRINT(..\Li
                    -stings\main.lst) OBJECT(..\Output\main.obj)

line level    source

   1          #include <reg51.h>
   2          #include <intrins.h>
   3          
   4          void Delay500ms();
   5          sbit LED0 = P0^0;
   6          void main()
   7          {
   8   1              while(1)
   9   1              {
  10   2                      LED0 = ~LED0;
  11   2                      P2 = (P2&0x1F)|0x80;    //1000
  12   2                      P2 = (P2&0x1F);
  13   2                      Delay500ms();
  14   2              }
  15   1      }
  16          
  17          void Delay500ms()               //@11.0592MHz
  18          {
  19   1              unsigned char i, j, k;
  20   1      
  21   1              _nop_();
  22   1              _nop_();
  23   1              i = 22;
  24   1              j = 3;
  25   1              k = 227;
  26   1              do
  27   1              {
  28   2                      do
  29   2                      {
  30   3                              while (--k);
  31   3                      } while (--j);
  32   2              } while (--i);
  33   1      }


MODULE INFORMATION:   STATIC OVERLAYABLE
   CODE SIZE        =     33    ----
   CONSTANT SIZE    =   ----    ----
   XDATA SIZE       =   ----    ----
   PDATA SIZE       =   ----    ----
   DATA SIZE        =   ----    ----
   IDATA SIZE       =   ----    ----
   BIT SIZE         =   ----    ----
END OF MODULE INFORMATION.


C51 COMPILATION COMPLETE.  0 WARNING(S),  0 ERROR(S)
