C51 COMPILER V9.60.0.0   DISPLAY                                                           01/11/2023 22:43:01 PAGE 1   


C51 COMPILER V9.60.0.0, COMPILATION OF MODULE DISPLAY
OBJECT MODULE PLACED IN ..\Output\display.obj
COMPILER INVOKED BY: d:\Keil_v5\C51\BIN\C51.EXE ..\Source\display.c OPTIMIZE(8,SPEED) BROWSE DEBUG OBJECTEXTEND PRINT(..
                    -\Listing\display.lst) OBJECT(..\Output\display.obj)

line level    source

   1          #include "display.h"
   2          
   3                  unsigned char code leddata[]={ 
   4           
   5                          0x3F,  //"0"
   6                          0x06,  //"1"
   7                          0x5B,  //"2"
   8                          0x4F,  //"3"
   9                          0x66,  //"4"
  10                          0x6D,  //"5"
  11                          0x7D,  //"6"
  12                          0x07,  //"7"
  13                          0x7F,  //"8"
  14                          0x6F,  //"9"
  15                          0x77,  //"A"
  16                          0x7C,  //"B"
  17                          0x39,  //"C"
  18                          0x5E,  //"D"
  19                          0x79,  //"E"
  20                          0x71,  //"F"
  21                          0x76,  //"H"
  22                          0x38,  //"L"
  23                          0x37,  //"n"
  24                          0x3E,  //"u"
  25                          0x73,  //"P"
  26                          0x5C,  //"o"
  27                          0x40,  //"-"
  28                          0x00,  //熄灭
  29                          0x00  //自定义
  30           
  31                                   };
  32                  //段选动态数码管
  33                  unsigned char code HC138[] = {0xFF,0xFB,0xF7,0xF3,0xEF,0xEB,0xE7,0xE3};
  34                          //{0xE3,0xE7,0xEB,0xEF,0xF3,0xF7,0xFB,0xFF};
  35                  
  36                  //位选动态数码管
  37                  unsigned char LEDBUF[] = {4,1,4,1,0,1,9,6};
  38                  //数据缓冲区 
  39                  
  40          void display()
  41          {
  42   1              
  43   1              unsigned char i;
  44   1              //首先进行段选
  45   1              GPIO_DIG = leddata[LEDBUF[i]];
  46   1              //然后进行位选
  47   1              GPIO_PLACE = HC138[i];
  48   1              //之后进行延时
  49   1              Delayxms(1);
  50   1              //通过i实现动态数码管
  51   1              i++;
  52   1              if(i == N)
  53   1                      i = 0;
  54   1              
C51 COMPILER V9.60.0.0   DISPLAY                                                           01/11/2023 22:43:01 PAGE 2   

  55   1      }
  56                  
  57                  
  58                  
  59                  


MODULE INFORMATION:   STATIC OVERLAYABLE
   CODE SIZE        =     38    ----
   CONSTANT SIZE    =     33    ----
   XDATA SIZE       =   ----    ----
   PDATA SIZE       =   ----    ----
   DATA SIZE        =      8       1
   IDATA SIZE       =   ----    ----
   BIT SIZE         =   ----    ----
END OF MODULE INFORMATION.


C51 COMPILATION COMPLETE.  0 WARNING(S),  0 ERROR(S)
