C51 COMPILER V9.60.0.0   MAIN                                                              01/11/2023 22:43:01 PAGE 1   


C51 COMPILER V9.60.0.0, COMPILATION OF MODULE MAIN
OBJECT MODULE PLACED IN ..\Output\main.obj
COMPILER INVOKED BY: d:\Keil_v5\C51\BIN\C51.EXE ..\Source\main.c OPTIMIZE(8,SPEED) BROWSE DEBUG OBJECTEXTEND PRINT(..\Li
                    -sting\main.lst) OBJECT(..\Output\main.obj)

line level    source

   1          #include <reg51.h>
   2          #include "delay.h"
   3          #include "display.h"
   4          
   5          void main()
   6          {
   7   1      
   8   1              while(1)
   9   1              {
  10   2                      display();
  11   2              }
  12   1      }


MODULE INFORMATION:   STATIC OVERLAYABLE
   CODE SIZE        =      5    ----
   CONSTANT SIZE    =   ----    ----
   XDATA SIZE       =   ----    ----
   PDATA SIZE       =   ----    ----
   DATA SIZE        =   ----    ----
   IDATA SIZE       =   ----    ----
   BIT SIZE         =   ----    ----
END OF MODULE INFORMATION.


C51 COMPILATION COMPLETE.  0 WARNING(S),  0 ERROR(S)
