C51 COMPILER V9.60.0.0   KEY                                                               01/06/2023 21:46:07 PAGE 1   


C51 COMPILER V9.60.0.0, COMPILATION OF MODULE KEY
OBJECT MODULE PLACED IN ..\Output\key.obj
COMPILER INVOKED BY: d:\Keil_v5\C51\BIN\C51.EXE ..\Source\key.c OPTIMIZE(8,SPEED) BROWSE DEBUG OBJECTEXTEND PRINT(..\Lis
                    -ting\key.lst) OBJECT(..\Output\key.obj)

line level    source

   1          #include "key.h"
   2          
   3          unsigned char key_scan()
   4          {
   5   1              unsigned char KeyNum = 0;
   6   1              if(!key1)
   7   1              {
   8   2                      Delayxms(20);//按键消抖
   9   2                      if(!key1)
  10   2                      {
  11   3                              KeyNum = 1;
  12   3                      }
  13   2              }while(!key1);//松手等待
  14   1                      
  15   1              return KeyNum;
  16   1      }


MODULE INFORMATION:   STATIC OVERLAYABLE
   CODE SIZE        =     24    ----
   CONSTANT SIZE    =   ----    ----
   XDATA SIZE       =   ----    ----
   PDATA SIZE       =   ----    ----
   DATA SIZE        =   ----       1
   IDATA SIZE       =   ----    ----
   BIT SIZE         =   ----    ----
END OF MODULE INFORMATION.


C51 COMPILATION COMPLETE.  0 WARNING(S),  0 ERROR(S)
