C51 COMPILER V9.60.0.0   MAIN                                                              03/21/2023 22:25:18 PAGE 1   


C51 COMPILER V9.60.0.0, COMPILATION OF MODULE MAIN
OBJECT MODULE PLACED IN ..\Output\main.obj
COMPILER INVOKED BY: d:\Keil_v5\C51\BIN\C51.EXE ..\Source\main.c OPTIMIZE(8,SPEED) BROWSE DEBUG OBJECTEXTEND PRINT(..\Li
                    -stings\main.lst) OBJECT(..\Output\main.obj)

line level    source

   1          #include <STC15F2K60S2.H>
   2          #include "delay.h"
   3          #include "UART.h"
   4          
   5          void main()
   6          {
   7   1      
   8   1              UartInit();
   9   1      
  10   1              while(1)
  11   1              {
  12   2                      if(Rec_flag)
  13   2                      {
  14   3                              switch(Rec_dat)
  15   3                              {
  16   4                                      case 1:
  17   4                                              P0 = 0xFE;
  18   4                                              P2 = (P2&0x1F)|0x80;
  19   4                                              P2 = P2&0x1F;
  20   4                                              break;
  21   4                                      case 2:
  22   4                                              P0 = 0xFD;
  23   4                                              P2 = (P2&0x1F)|0x80;
  24   4                                              P2 = P2&0x1F;
  25   4                                              break;
  26   4                                      case 3:
  27   4                                              P0 = 0xFB;
  28   4                                              P2 = (P2&0x1F)|0x80;
  29   4                                              P2 = P2&0x1F;
  30   4                                              break;
  31   4                                      case 4:
  32   4                                              P0 = 0xF7;
  33   4                                              P2 = (P2&0x1F)|0x80;
  34   4                                              P2 = P2&0x1F;break;
  35   4                                      default:break;
  36   4                              }
  37   3                      }
  38   2                      
  39   2              }
  40   1              
  41   1      
  42   1      }
  43          


MODULE INFORMATION:   STATIC OVERLAYABLE
   CODE SIZE        =     65    ----
   CONSTANT SIZE    =   ----    ----
   XDATA SIZE       =   ----    ----
   PDATA SIZE       =   ----    ----
   DATA SIZE        =   ----    ----
   IDATA SIZE       =   ----    ----
   BIT SIZE         =   ----    ----
END OF MODULE INFORMATION.

C51 COMPILER V9.60.0.0   MAIN                                                              03/21/2023 22:25:18 PAGE 2   


C51 COMPILATION COMPLETE.  0 WARNING(S),  0 ERROR(S)
