C51 COMPILER V9.60.0.0   UART                                                              03/21/2023 22:25:18 PAGE 1   


C51 COMPILER V9.60.0.0, COMPILATION OF MODULE UART
OBJECT MODULE PLACED IN ..\Output\UART.obj
COMPILER INVOKED BY: d:\Keil_v5\C51\BIN\C51.EXE ..\Source\UART.c OPTIMIZE(8,SPEED) BROWSE DEBUG OBJECTEXTEND PRINT(..\Li
                    -stings\UART.lst) OBJECT(..\Output\UART.obj)

line level    source

   1          #include "UART.h"
   2          
   3          unsigned char Rec_dat;
   4          unsigned char Rec_flag=0;
   5          void UartInit(void)             //9600bps@11.0592MHz
   6          {
   7   1              PCON &= 0x7F;           //波特率不倍速
   8   1              SCON = 0x50;            //8位数据,可变波特率
   9   1              AUXR &= 0xBF;           //定时器时钟12T模式
  10   1              AUXR &= 0xFE;           //串口1选择定时器1为波特率发生器
  11   1              TMOD &= 0x0F;           //设置定时器模式
  12   1              TMOD |= 0x20;           //设置定时器模式
  13   1              TL1 = 0xFD;                     //设置定时初始值
  14   1              TH1 = 0xFD;                     //设置定时重载值
  15   1              ES = 1;
  16   1              EA = 1;
  17   1              ET1 = 0;                        //禁止定时器中断
  18   1              TR1 = 1;                        //定时器1开始计时
  19   1      }
  20          
  21          void SendByte(unsigned char dat)//发送一帧数据
  22          {
  23   1              SBUF = dat;
  24   1              while(!TI);
  25   1              TI = 0;
  26   1      }
  27          
  28          
  29          void SendString(unsigned char *dat)
  30          {       
  31   1              while(*dat!='\0')
  32   1              {
  33   2                      SendByte(*dat++);
  34   2              }
  35   1      }
  36          
  37          char putchar(char c)
  38          {
  39   1              SendByte(c);
  40   1              return c;
  41   1      }
  42          
  43          void UART_ISR() interrupt 4
  44          {
  45   1              if(RI)
  46   1              {       
  47   2                      RI = 0;
  48   2                      Rec_flag = 1;
  49   2                      Rec_dat = SBUF;
  50   2              }
  51   1      
  52   1      }


C51 COMPILER V9.60.0.0   UART                                                              03/21/2023 22:25:18 PAGE 2   

MODULE INFORMATION:   STATIC OVERLAYABLE
   CODE SIZE        =     95    ----
   CONSTANT SIZE    =   ----    ----
   XDATA SIZE       =   ----    ----
   PDATA SIZE       =   ----    ----
   DATA SIZE        =      2       3
   IDATA SIZE       =   ----    ----
   BIT SIZE         =   ----    ----
END OF MODULE INFORMATION.


C51 COMPILATION COMPLETE.  0 WARNING(S),  0 ERROR(S)
