C51 COMPILER V9.60.0.0   MAIN                                                              04/07/2023 13:39:30 PAGE 1   


C51 COMPILER V9.60.0.0, COMPILATION OF MODULE MAIN
OBJECT MODULE PLACED IN ..\Output\main.obj
COMPILER INVOKED BY: d:\Keil_v5\C51\BIN\C51.EXE ..\Source\main.c OPTIMIZE(8,SPEED) BROWSE DEBUG OBJECTEXTEND PRINT(..\Li
                    -stings\main.lst) OBJECT(..\Output\main.obj)

line level    source

   1          #include <reg51.h>
   2          #include <intrins.h>
   3          sbit RE = P0^4;
   4          sbit BUZZ=P0^6;
   5          void Delay500ms();              //@11.0592MHz
   6          void main()
   7          {
   8   1              BUZZ = 0;
   9   1              P2 = (P2&0x1F)|0xA0;
  10   1              P2 = P2&0x1F;
  11   1              while(1)
  12   1              {
  13   2      //              BUZZ = 1;
  14   2      //              P2 = (P2&0x1F)|0xA0;
  15   2      //              P2 = P2&0x1F;
  16   2      //              Delay500ms();
  17   2                      BUZZ = 1;
  18   2                      P2 = (P2&0x1F)|0xA0;
  19   2                      P2 = P2&0x1F;
  20   2      //              Delay500ms();
  21   2              }
  22   1      
  23   1      }
  24          
  25          void Delay500ms()               //@11.0592MHz
  26          {
  27   1              unsigned char i, j, k;
  28   1      
  29   1              _nop_();
  30   1              _nop_();
  31   1              i = 22;
  32   1              j = 3;
  33   1              k = 227;
  34   1              do
  35   1              {
  36   2                      do
  37   2                      {
  38   3                              while (--k);
  39   3                      } while (--j);
  40   2              } while (--i);
  41   1      }


MODULE INFORMATION:   STATIC OVERLAYABLE
   CODE SIZE        =     43    ----
   CONSTANT SIZE    =   ----    ----
   XDATA SIZE       =   ----    ----
   PDATA SIZE       =   ----    ----
   DATA SIZE        =   ----    ----
   IDATA SIZE       =   ----    ----
   BIT SIZE         =   ----    ----
END OF MODULE INFORMATION.


C51 COMPILATION COMPLETE.  0 WARNING(S),  0 ERROR(S)
