C51 COMPILER V9.60.0.0   MAIN                                                              01/01/2023 22:24:16 PAGE 1   


C51 COMPILER V9.60.0.0, COMPILATION OF MODULE MAIN
OBJECT MODULE PLACED IN ..\Output\main.obj
COMPILER INVOKED BY: d:\Keil_v5\C51\BIN\C51.EXE ..\Source\main.c OPTIMIZE(8,SPEED) BROWSE DEBUG OBJECTEXTEND PRINT(..\Li
                    -sting\main.lst) OBJECT(..\Output\main.obj)

line level    source

   1          #include <reg51.h>
   2          #include "delay.h"
   3          sbit BUZZER = P2^5;
   4          void main()
   5          {
   6   1              BUZZER = 1;
   7   1              while(1)
   8   1              {
   9   2                      
  10   2                      unsigned char i;
  11   2                      for(i=0;i<100;i++)
  12   2                      {
  13   3                              BUZZER = ~BUZZER;
  14   3                              Delayxms(1);
  15   3                      }
  16   2                      for(i=0;i<100;i++)
  17   2                      {
  18   3                              BUZZER = ~BUZZER;
  19   3                              Delayxms(2);
  20   3                      }
  21   2              }
  22   1      }


MODULE INFORMATION:   STATIC OVERLAYABLE
   CODE SIZE        =     52    ----
   CONSTANT SIZE    =   ----    ----
   XDATA SIZE       =   ----    ----
   PDATA SIZE       =   ----    ----
   DATA SIZE        =   ----       1
   IDATA SIZE       =   ----    ----
   BIT SIZE         =   ----    ----
END OF MODULE INFORMATION.


C51 COMPILATION COMPLETE.  0 WARNING(S),  0 ERROR(S)
