C51 COMPILER V9.60.0.0   DELAY                                                             01/01/2023 22:16:36 PAGE 1   


C51 COMPILER V9.60.0.0, COMPILATION OF MODULE DELAY
OBJECT MODULE PLACED IN .\Objects\delay.obj
COMPILER INVOKED BY: d:\Keil_v5\C51\BIN\C51.EXE ..\Source\delay.c OPTIMIZE(8,SPEED) BROWSE DEBUG OBJECTEXTEND PRINT(.\Li
                    -stings\delay.lst) OBJECT(.\Objects\delay.obj)

line level    source

   1          //ÑÓÊ±º¯Êý´úÂë
   2          #include "delay.h"
   3          
   4          
   5          void Delayxms(unsigned int xms)         //@12.000MHz
   6          {
*** WARNING C235 IN LINE 6 OF ..\Source\delay.c: parameter 1: different types
   7   1              unsigned char i, j, k;
   8   1              for(k=xms;k>0;k--)
   9   1              {
  10   2                      i = 2;
  11   2                      j = 239;
  12   2                      do
  13   2                      {
  14   3                              while (--j);
  15   3                      } while (--i);
  16   2              }
  17   1      }


MODULE INFORMATION:   STATIC OVERLAYABLE
   CODE SIZE        =     22    ----
   CONSTANT SIZE    =   ----    ----
   XDATA SIZE       =   ----    ----
   PDATA SIZE       =   ----    ----
   DATA SIZE        =   ----    ----
   IDATA SIZE       =   ----    ----
   BIT SIZE         =   ----    ----
END OF MODULE INFORMATION.


C51 COMPILATION COMPLETE.  1 WARNING(S),  0 ERROR(S)
