C51 COMPILER V9.60.0.0   MAIN                                                              01/03/2023 20:24:41 PAGE 1   


C51 COMPILER V9.60.0.0, COMPILATION OF MODULE MAIN
OBJECT MODULE PLACED IN ..\Output\main.obj
COMPILER INVOKED BY: d:\Keil_v5\C51\BIN\C51.EXE ..\Source\main.c OPTIMIZE(8,SPEED) BROWSE DEBUG OBJECTEXTEND PRINT(..\Li
                    -sting\main.lst) OBJECT(..\Output\main.obj)

line level    source

   1          #include <reg51.h>
   2          #include "delay.h"
   3          #include "display.h"
   4          
   5          void main()
   6          {
   7   1              
   8   1              unsigned int i;
   9   1              long num = 14141015;    
  10   1              for(i=0;i<300;i++)
  11   1              {
  12   2                      display();
  13   2              }
  14   1                      
  15   1              while(1)
  16   1              {
  17   2      
  18   2                      LEDBUF[0] = num/10000000;
  19   2                      LEDBUF[1] = num/1000000%10;
  20   2                      LEDBUF[2] = num/100000%10;
  21   2                      LEDBUF[3] = num/10000%10;
  22   2                      LEDBUF[4] = num/1000%10;
  23   2                      LEDBUF[5] = num/100%10;
  24   2                      LEDBUF[6] = num/10%10;
  25   2                      LEDBUF[7] = num%10;
  26   2                      display();
  27   2              }
  28   1      }


MODULE INFORMATION:   STATIC OVERLAYABLE
   CODE SIZE        =    271    ----
   CONSTANT SIZE    =   ----    ----
   XDATA SIZE       =   ----    ----
   PDATA SIZE       =   ----    ----
   DATA SIZE        =   ----       6
   IDATA SIZE       =   ----    ----
   BIT SIZE         =   ----    ----
END OF MODULE INFORMATION.


C51 COMPILATION COMPLETE.  0 WARNING(S),  0 ERROR(S)
