C51 COMPILER V9.60.0.0   MAIN                                                              01/02/2023 20:18:35 PAGE 1   


C51 COMPILER V9.60.0.0, COMPILATION OF MODULE MAIN
OBJECT MODULE PLACED IN ..\Output\main.obj
COMPILER INVOKED BY: d:\Keil_v5\C51\BIN\C51.EXE ..\Source\main.c OPTIMIZE(8,SPEED) BROWSE DEBUG OBJECTEXTEND PRINT(..\Li
                    -stings\main.lst) OBJECT(..\Output\main.obj)

line level    source

   1          #include <reg51.h>
   2          #include "delay.h"
   3          
   4          
   5          unsigned char code LEDBUF[] = {0xFE,0xFD,0xFB,0xF7,0xEF,0xDF,0xBF,0x7F};
   6          void main()
   7          {       unsigned char m;
   8   1              while(1)
   9   1              {
  10   2                      
  11   2                      for(m = 0;m < 8;m++)
  12   2                      {
  13   3                              P2 = LEDBUF[m];
  14   3                              Delayxms(200);
  15   3                      }
  16   2              }
  17   1      
  18   1      }


MODULE INFORMATION:   STATIC OVERLAYABLE
   CODE SIZE        =     31    ----
   CONSTANT SIZE    =      8    ----
   XDATA SIZE       =   ----    ----
   PDATA SIZE       =   ----    ----
   DATA SIZE        =   ----       1
   IDATA SIZE       =   ----    ----
   BIT SIZE         =   ----    ----
END OF MODULE INFORMATION.


C51 COMPILATION COMPLETE.  0 WARNING(S),  0 ERROR(S)
