C51 COMPILER V9.60.0.0   DISPLAY                                                           03/23/2023 20:21:02 PAGE 1   


C51 COMPILER V9.60.0.0, COMPILATION OF MODULE DISPLAY
OBJECT MODULE PLACED IN ..\Output\display.obj
COMPILER INVOKED BY: d:\Keil_v5\C51\BIN\C51.EXE ..\Source\display.c OPTIMIZE(8,SPEED) BROWSE DEBUG OBJECTEXTEND PRINT(..
                    -\Listings\display.lst) OBJECT(..\Output\display.obj)

line level    source

   1          #include "display.h"
   2          
   3          //段选数组
   4          unsigned char code leddata[]={ 
   5           
   6                          0xC0,  //"0"
   7                          0xF9,  //"1"
   8                          0xA4,  //"2"
   9                          0xB0,  //"3"
  10                          0x99,  //"4"
  11                          0x92,  //"5"
  12                          0x82,  //"6"
  13                          0xF8,  //"7"
  14                          0x80,  //"8"
  15                          0x90,  //"9"
  16                          0x88,  //"A"
  17                          0x83,  //"B"
  18                          0xC6,  //"C"
  19                          0xA1,  //"D"
  20                          0x86,  //"E"
  21                          0x8E,  //"F"
  22                          0x89,  //"H"
  23                          0xC7,  //"L"
  24                          0xC8,  //"n"
  25                          0xC1,  //"u"
  26                          0x8C,  //"P"
  27                          0xA3,  //"o"
  28                          0xBF,  //"-"
  29                          0xFF,  //熄灭
  30                          0xFF  //自定义
  31           
  32                                   };
  33          //位选数组
  34          unsigned char code place[]={0x80,0x40,0x20,0x10,0x08,0x04,0x02,0x01};
  35          
  36          //{0x01,0x02,0x04,0x08,0x10,0x20,0x40,0x80};
  37          //数据缓冲区
  38          unsigned char LEDBUF[] = {23,23,23,23,23,23,23,23};
  39          void display()
  40          {
  41   1              static unsigned char i = 0;
  42   1              switch(i)
  43   1              {
  44   2                      case 0:
  45   2                      //消影
  46   2                      P0 = 0xFF;
  47   2                      P2 = (P2 & 0x1f) | 0xE0;
  48   2                      P2 = (P2 & 0x1f);
  49   2                      //送段码
  50   2                      P0 = leddata[LEDBUF[i]];
  51   2                      P2 = (P2 & 0x1f) | 0xE0;
  52   2                      P2 = (P2 & 0x1f);
  53   2                      //送位选
  54   2                      P0 = place[i];
C51 COMPILER V9.60.0.0   DISPLAY                                                           03/23/2023 20:21:02 PAGE 2   

  55   2                      P2 = (P2 & 0x1f) | 0xC0;
  56   2                      P2 = (P2 & 0x1f);
  57   2                      //通过i实现数码管
  58   2                      i++;
  59   2                      break;
  60   2                      
  61   2                      case 1:
  62   2                      //消影
  63   2                      P0 = 0xFF;
  64   2                      P2 = (P2 & 0x1f) | 0xE0;
  65   2                      P2 = (P2 & 0x1f);
  66   2                      //送段码
  67   2                      P0 = leddata[LEDBUF[i]];
  68   2                      P2 = (P2 & 0x1f) | 0xE0;
  69   2                      P2 = (P2 & 0x1f);
  70   2                      //送位选
  71   2                      P0 = place[i];
  72   2                      P2 = (P2 & 0x1f) | 0xC0;
  73   2                      P2 = (P2 & 0x1f);
  74   2                      //通过i实现数码管
  75   2                      i++;
  76   2                      break;
  77   2                      
  78   2                      case 2:
  79   2                      //消影
  80   2                      P0 = 0xFF;
  81   2                      P2 = (P2 & 0x1f) | 0xE0;
  82   2                      P2 = (P2 & 0x1f);
  83   2                      //送段码
  84   2                      P0 = leddata[LEDBUF[i]];
  85   2                      P2 = (P2 & 0x1f) | 0xE0;
  86   2                      P2 = (P2 & 0x1f);
  87   2                      //送位选
  88   2                      P0 = place[i];
  89   2                      P2 = (P2 & 0x1f) | 0xC0;
  90   2                      P2 = (P2 & 0x1f);
  91   2                      //通过i实现数码管
  92   2                      i++;
  93   2                      break;
  94   2                                                      
  95   2                      case 3:
  96   2                      //消影
  97   2                      P0 = 0xFF;
  98   2                      P2 = (P2 & 0x1f) | 0xE0;
  99   2                      P2 = (P2 & 0x1f);
 100   2                      //送段码
 101   2                      P0 = leddata[LEDBUF[i]];
 102   2                      P2 = (P2 & 0x1f) | 0xE0;
 103   2                      P2 = (P2 & 0x1f);
 104   2                      //送位选
 105   2                      P0 = place[i];
 106   2                      P2 = (P2 & 0x1f) | 0xC0;
 107   2                      P2 = (P2 & 0x1f);
 108   2                      //通过i实现数码管
 109   2                      i++;
 110   2                      break;
 111   2                                                                      
 112   2                      case 4:
 113   2                      //消影
 114   2                      P0 = 0xFF;
 115   2                      P2 = (P2 & 0x1f) | 0xE0;
 116   2                      P2 = (P2 & 0x1f);
C51 COMPILER V9.60.0.0   DISPLAY                                                           03/23/2023 20:21:02 PAGE 3   

 117   2                      //送段码
 118   2                      P0 = leddata[LEDBUF[i]];
 119   2                      P2 = (P2 & 0x1f) | 0xE0;
 120   2                      P2 = (P2 & 0x1f);
 121   2                      //送位选
 122   2                      P0 = place[i];
 123   2                      P2 = (P2 & 0x1f) | 0xC0;
 124   2                      P2 = (P2 & 0x1f);
 125   2                      //通过i实现数码管
 126   2                      i++;
 127   2                      break;
 128   2                                                                      
 129   2                      case 5:
 130   2                      //消影
 131   2                      P0 = 0xFF;
 132   2                      P2 = (P2 & 0x1f) | 0xE0;
 133   2                      P2 = (P2 & 0x1f);
 134   2                      //送段码
 135   2                      P0 = leddata[LEDBUF[i]];
 136   2                      P2 = (P2 & 0x1f) | 0xE0;
 137   2                      P2 = (P2 & 0x1f);
 138   2                      //送位选
 139   2                      P0 = place[i];
 140   2                      P2 = (P2 & 0x1f) | 0xC0;
 141   2                      P2 = (P2 & 0x1f);
 142   2                      //通过i实现数码管
 143   2                      i++;
 144   2                      break;
 145   2                                                                              
 146   2                      case 6:
 147   2                      //消影
 148   2                      P0 = 0xFF;
 149   2                      P2 = (P2 & 0x1f) | 0xE0;
 150   2                      P2 = (P2 & 0x1f);
 151   2                      //送段码
 152   2                      P0 = leddata[LEDBUF[i]];
 153   2                      P2 = (P2 & 0x1f) | 0xE0;
 154   2                      P2 = (P2 & 0x1f);
 155   2                      //送位选
 156   2                      P0 = place[i];
 157   2                      P2 = (P2 & 0x1f) | 0xC0;
 158   2                      P2 = (P2 & 0x1f);
 159   2                      //通过i实现数码管
 160   2                      i++;
 161   2                      break;
 162   2                                                              
 163   2                      case 7:
 164   2                      //消影
 165   2                      P0 = 0xFF;
 166   2                      P2 = (P2 & 0x1f) | 0xE0;
 167   2                      P2 = (P2 & 0x1f);
 168   2                      //送段码
 169   2                      P0 = leddata[LEDBUF[i]];
 170   2                      P2 = (P2 & 0x1f) | 0xE0;
 171   2                      P2 = (P2 & 0x1f);
 172   2                      //送位选
 173   2                      P0 = place[i];
 174   2                      P2 = (P2 & 0x1f) | 0xC0;
 175   2                      P2 = (P2 & 0x1f);
 176   2                      //通过i实现数码管
 177   2                      i=0;
 178   2                      break;
C51 COMPILER V9.60.0.0   DISPLAY                                                           03/23/2023 20:21:02 PAGE 4   

 179   2                      
 180   2                      default:break;
 181   2              }
 182   1      }


MODULE INFORMATION:   STATIC OVERLAYABLE
   CODE SIZE        =    162    ----
   CONSTANT SIZE    =     33    ----
   XDATA SIZE       =   ----    ----
   PDATA SIZE       =   ----    ----
   DATA SIZE        =      9    ----
   IDATA SIZE       =   ----    ----
   BIT SIZE         =   ----    ----
END OF MODULE INFORMATION.


C51 COMPILATION COMPLETE.  0 WARNING(S),  0 ERROR(S)
