C51 COMPILER V9.60.0.0   MAIN                                                              03/23/2023 20:21:02 PAGE 1   


C51 COMPILER V9.60.0.0, COMPILATION OF MODULE MAIN
OBJECT MODULE PLACED IN ..\Output\main.obj
COMPILER INVOKED BY: d:\Keil_v5\C51\BIN\C51.EXE ..\Source\main.c OPTIMIZE(8,SPEED) BROWSE DEBUG OBJECTEXTEND PRINT(..\Li
                    -stings\main.lst) OBJECT(..\Output\main.obj)

line level    source

   1          #include <reg51.h>
   2          #include "display.h"
   3          
   4          void Timer0_Init(void);         //1毫秒@11.0592MHz
   5          void Timer1_Init(void);         //1毫秒@11.0592MHz
   6          void disp_service();
   7          
   8          unsigned int TimerCnt=0;
   9          unsigned int Freq;
  10          
  11          void main()
  12          {
  13   1              Timer0_Init();
  14   1              Timer1_Init();
  15   1              EA = 1;
  16   1              while(1)
  17   1              {
  18   2                      
  19   2                      disp_service();
  20   2              }       
  21   1              
  22   1                      
  23   1      }
  24          
  25          void Timer1_Init(void)          //1毫秒@11.0592MHz
  26          {
  27   1              TMOD &= 0x0F;                   //设置定时器模式
  28   1              TMOD |= 0x10;                   //设置定时器模式
  29   1              TL1 = 0x66;                             //设置定时初始值
  30   1              TH1 = 0xFC;                             //设置定时初始值
  31   1              TF1 = 0;                                //清除TF1标志
  32   1              ET1 = 1;
  33   1              TR1 = 1;                                //定时器1开始计时
  34   1      }
  35          
  36          void Timer0_Init(void)          //1毫秒@11.0592MHz
  37          {
  38   1              TMOD &= 0xF0;                   //设置定时器模式
  39   1              TMOD |= 0x05;                   //设置定时器模式
  40   1              TL0 = 0;                                //设置定时初始值
  41   1              TH0 = 0;                                //设置定时初始值
  42   1              TF0 = 0;                                //清除TF0标志
  43   1              TR0 = 1;                                //定时器0开始计时
  44   1      }
  45          void Timer1_ISR() interrupt 3
  46          {
  47   1              TR1 = 0;
  48   1              TimerCnt++;
  49   1              if(TimerCnt>=1000)
  50   1              {
  51   2                      TR0 = 0;
  52   2                      TimerCnt=0;
  53   2                      Freq = TH0*256+TL0;
  54   2                      TH0 = 0;
C51 COMPILER V9.60.0.0   MAIN                                                              03/23/2023 20:21:02 PAGE 2   

  55   2                      TL0 = 0;
  56   2                      TR0 = 1;
  57   2              
  58   2              }
  59   1              display();
  60   1              TL1 = 0x66;                             //设置定时初始值
  61   1              TH1 = 0xFC;                             //设置定时初始值
  62   1              TR1 = 1;
  63   1      }
  64          
  65          
  66          void disp_service()
  67          {
  68   1              
  69   1              LEDBUF[5] = Freq/10000;
  70   1              LEDBUF[4] = Freq/1000%10;
  71   1              LEDBUF[3] = Freq/100%10;
  72   1              LEDBUF[2] = Freq/10%10;
  73   1              LEDBUF[1] = Freq%10;
  74   1      }


MODULE INFORMATION:   STATIC OVERLAYABLE
   CODE SIZE        =    253    ----
   CONSTANT SIZE    =   ----    ----
   XDATA SIZE       =   ----    ----
   PDATA SIZE       =   ----    ----
   DATA SIZE        =      4    ----
   IDATA SIZE       =   ----    ----
   BIT SIZE         =   ----    ----
END OF MODULE INFORMATION.


C51 COMPILATION COMPLETE.  0 WARNING(S),  0 ERROR(S)
