C51 COMPILER V9.60.0.0   MAIN                                                              01/24/2023 21:47:40 PAGE 1   


C51 COMPILER V9.60.0.0, COMPILATION OF MODULE MAIN
OBJECT MODULE PLACED IN ..\Output\main.obj
COMPILER INVOKED BY: d:\Keil_v5\C51\BIN\C51.EXE ..\Source\main.c OPTIMIZE(8,SPEED) BROWSE DEBUG OBJECTEXTEND PRINT(..\Li
                    -stings\main.lst) OBJECT(..\Output\main.obj)

line level    source

   1          #include <reg51.h>
   2          #include "display.h"
   3          
   4          void Timer0Init(void);
   5          void display_Service();
   6          
   7          unsigned int system_timer = 50000;
   8          unsigned long num = 12345678;
   9          unsigned int system_flag = 5000;
  10          void main()
  11          {
  12   1              Timer0Init();
  13   1              do
  14   1              {
  15   2                      
  16   2              }while(system_flag>0);
  17   1              while(1)
  18   1              {
  19   2                      display_Service();
  20   2              }
  21   1      }
  22          
  23          void display_Service()
  24          {
  25   1              LEDBUF[7] = num/10000000%10;
  26   1              LEDBUF[6] = num/1000000%10;
  27   1              LEDBUF[5] = num/100000%10;
  28   1              LEDBUF[4] = num/10000%10;
  29   1              LEDBUF[3] = num/1000%10;
  30   1              LEDBUF[2] = num/100%10;
  31   1              LEDBUF[1] = num/10%10;
  32   1              LEDBUF[0] = num%10;
  33   1      }
  34          void Timer0Init(void)           //1毫秒@12.000MHz
  35          {
  36   1      
  37   1              TMOD &= 0xF0;           //设置定时器模式
  38   1              TMOD |= 0x01;           //设置定时器模式
  39   1              TL0 = 0x18;             //设置定时初始值
  40   1              TH0 = 0xFC;             //设置定时初始值
  41   1              TF0 = 0;                //清除TF0标志
  42   1              ET0 = 1;
  43   1              EA = 1;
  44   1              TR0 = 1;                //定时器0开始计时
  45   1      }
  46          
  47          void timer0_ISR(void) interrupt 1
  48          {
  49   1              TR0 = 0;
  50   1              if(system_flag > 0)
  51   1                      system_flag--;
  52   1              display();
  53   1              TL0 = 0x18;             //设置定时初始值
  54   1              TH0 = 0xFC;             //设置定时初始值
C51 COMPILER V9.60.0.0   MAIN                                                              01/24/2023 21:47:40 PAGE 2   

  55   1              TR0 = 1;
  56   1      
  57   1      }


MODULE INFORMATION:   STATIC OVERLAYABLE
   CODE SIZE        =    368    ----
   CONSTANT SIZE    =   ----    ----
   XDATA SIZE       =   ----    ----
   PDATA SIZE       =   ----    ----
   DATA SIZE        =      8    ----
   IDATA SIZE       =   ----    ----
   BIT SIZE         =   ----    ----
END OF MODULE INFORMATION.


C51 COMPILATION COMPLETE.  0 WARNING(S),  0 ERROR(S)
