C51 COMPILER V9.60.0.0   MAIN                                                              01/07/2023 20:04:47 PAGE 1   


C51 COMPILER V9.60.0.0, COMPILATION OF MODULE MAIN
OBJECT MODULE PLACED IN ..\Output\main.obj
COMPILER INVOKED BY: d:\Keil_v5\C51\BIN\C51.EXE ..\Source\main.c OPTIMIZE(8,SPEED) BROWSE DEBUG OBJECTEXTEND PRINT(..\Li
                    -sting\main.lst) OBJECT(..\Output\main.obj)

line level    source

   1          #include <reg51.h>
   2          #include "key.h"
   3          #include "display.h"
   4          #include "delay.h"
   5          
   6          void main()
   7          {
   8   1              
   9   1              
  10   1              while(1)
  11   1              {
  12   2                      long cnt;
  13   2                      LEDBUF[7] = cnt/10000000%10;
  14   2                      LEDBUF[6] = cnt/1000000%10;
  15   2                      LEDBUF[5] = cnt/100000%10;
  16   2                      LEDBUF[4] = cnt/10000%10;
  17   2                      LEDBUF[3] = cnt/1000%10;
  18   2                      LEDBUF[2] = cnt/100%10;
  19   2                      LEDBUF[1] = cnt/10%10;
  20   2                      LEDBUF[0] = cnt%10;
  21   2                      switch(key_scan())
  22   2                      {
  23   3                              case 0:break;
  24   3                              case 1:
  25   3                                      cnt++;
  26   3                                      if(cnt>99999999) cnt = 0;
  27   3                                      break;
  28   3                              case 2:
  29   3                                      cnt--;
  30   3                                      if(cnt<0) cnt = 99999999;
  31   3                                      break;
  32   3                              case 3:
  33   3                                      cnt = 0;
  34   3                                      break;
  35   3                              case 4:
  36   3                                      cnt = 88888888;
  37   3                                      break;
  38   3                              default:break;          
  39   3                      }
  40   2                      display();
  41   2              }
  42   1      }


MODULE INFORMATION:   STATIC OVERLAYABLE
   CODE SIZE        =    379    ----
   CONSTANT SIZE    =   ----    ----
   XDATA SIZE       =   ----    ----
   PDATA SIZE       =   ----    ----
   DATA SIZE        =   ----       4
   IDATA SIZE       =   ----    ----
   BIT SIZE         =   ----    ----
END OF MODULE INFORMATION.


C51 COMPILATION COMPLETE.  0 WARNING(S),  0 ERROR(S)
