C51 COMPILER V9.60.0.0   MAIN                                                              01/16/2023 22:17:33 PAGE 1   


C51 COMPILER V9.60.0.0, COMPILATION OF MODULE MAIN
OBJECT MODULE PLACED IN ..\Output\main.obj
COMPILER INVOKED BY: d:\Keil_v5\C51\BIN\C51.EXE ..\Source\main.c OPTIMIZE(8,SPEED) BROWSE DEBUG OBJECTEXTEND PRINT(..\Li
                    -sting\main.lst) OBJECT(..\Output\main.obj)

line level    source

   1          #include <reg51.h>
   2          #include "delay.h"
   3          
   4          void EX1_INT(void);
   5          void main()
   6          {
   7   1              EX1_INT();
   8   1              while(1)
   9   1              {
  10   2                      
  11   2              }
  12   1      }
  13          
  14          void EX1_INT(void)//中断的初始化
  15          {
  16   1              IT1 = 1;   //下降沿触发
  17   1              EA = 1;    //总中断允许开关
  18   1              EX1 = 1;   //外部中断0允许开关
  19   1      }
  20          
  21          void EX1_ISR(void) interrupt 2 //外部中断1程序
  22          {
  23   1              Delayxms(1200);
  24   1              P2 = ~P2;
  25   1      }


MODULE INFORMATION:   STATIC OVERLAYABLE
   CODE SIZE        =     78    ----
   CONSTANT SIZE    =   ----    ----
   XDATA SIZE       =   ----    ----
   PDATA SIZE       =   ----    ----
   DATA SIZE        =   ----    ----
   IDATA SIZE       =   ----    ----
   BIT SIZE         =   ----    ----
END OF MODULE INFORMATION.


C51 COMPILATION COMPLETE.  0 WARNING(S),  0 ERROR(S)
