C51 COMPILER V9.60.0.0   MAIN                                                              03/07/2023 22:04:08 PAGE 1   


C51 COMPILER V9.60.0.0, COMPILATION OF MODULE MAIN
OBJECT MODULE PLACED IN ..\Output\main.obj
COMPILER INVOKED BY: d:\Keil_v5\C51\BIN\C51.EXE ..\Source\main.c OPTIMIZE(8,SPEED) BROWSE DEBUG OBJECTEXTEND PRINT(..\Li
                    -stings\main.lst) OBJECT(..\Output\main.obj)

line level    source

   1          #include <reg51.h>
   2          #include "OneWire.h"
   3          #include "display.h"
   4          #include "delay.h"
   5          
   6          void Timer0_Init(void);         //100微秒@11.0592MHz
   7          void main()
   8          {       
   9   1              unsigned char ack;
  10   1              Delayxms(10);
  11   1              Timer0_Init();
  12   1              ack = OneWireRst();
  13   1              while(1)
  14   1              {
  15   2                      LEDBUF[7] = 23;
  16   2                      LEDBUF[6] = 23;
  17   2                      LEDBUF[5] = 23;
  18   2                      LEDBUF[4] = 23;
  19   2                      LEDBUF[3] = 23;
  20   2                      LEDBUF[2] = 23;
  21   2                      LEDBUF[1] = 23;
  22   2                      LEDBUF[0] = ack;
  23   2              }
  24   1      }
  25          void Timer0_Init(void)          //100微秒@11.0592MHz
  26          {
  27   1              TMOD &= 0xF0;                   //设置定时器模式
  28   1              TMOD |= 0x01;                   //设置定时器模式
  29   1              TL0 = 0xA4;                             //设置定时初始值
  30   1              TH0 = 0xFF;                             //设置定时初始值
  31   1              TF0 = 0;                                //清除TF0标志
  32   1              ET0 = 1;
  33   1              EA = 1;
  34   1              TR0 = 1;                                //定时器0开始计时
  35   1      }
  36          void Timer0_ISR() interrupt 1
  37          {
  38   1              TR0 = 0;
  39   1              
  40   1              display();
  41   1              TL0 = 0xA4;                             //设置定时初始值
  42   1              TH0 = 0xFF;                             //设置定时初始值
  43   1              TR0 = 1;
  44   1      }


MODULE INFORMATION:   STATIC OVERLAYABLE
   CODE SIZE        =    131    ----
   CONSTANT SIZE    =   ----    ----
   XDATA SIZE       =   ----    ----
   PDATA SIZE       =   ----    ----
   DATA SIZE        =   ----    ----
   IDATA SIZE       =   ----    ----
   BIT SIZE         =   ----    ----
C51 COMPILER V9.60.0.0   MAIN                                                              03/07/2023 22:04:08 PAGE 2   

END OF MODULE INFORMATION.


C51 COMPILATION COMPLETE.  0 WARNING(S),  0 ERROR(S)
