C51 COMPILER V9.59.0.0   MAIN                                                              10/08/2023 18:26:11 PAGE 1   


C51 COMPILER V9.59.0.0, COMPILATION OF MODULE MAIN
OBJECT MODULE PLACED IN ..\Output\main.obj
COMPILER INVOKED BY: D:\Keil__v5\C51\BIN\C51.EXE ..\Source\main.c OPTIMIZE(8,SPEED) BROWSE DEBUG OBJECTEXTEND PRINT(..\L
                    -istings\main.lst) TABS(2) OBJECT(..\Output\main.obj)

line level    source

   1          #include <reg51.h>
   2          #include "display.h"
   3          
   4          void Timer0Init(void);
   5          void EX0_Init(void);
   6          void EX1_Init(void);
   7          void display_service();
   8          void Delay10ms();
   9          long num = 0000;
  10          
  11          void main()
  12          {
  13   1        EX0_Init();
  14   1        EX1_Init();
  15   1        Timer0Init();
  16   1        EA = 1;
  17   1        while(1)
  18   1        {
  19   2          display_service();
  20   2        }
  21   1      
  22   1      }
  23          
  24          void display_service()
  25          {
  26   1        LEDBUF[7] = 23;
  27   1        LEDBUF[6] = 23;
  28   1        LEDBUF[5] = 23;
  29   1        LEDBUF[4] = 23;
  30   1        LEDBUF[3] = num/1000%10;
  31   1        LEDBUF[2] = num/100%10;
  32   1        LEDBUF[1] = num/10%10;
  33   1        LEDBUF[0] = num%10;
  34   1      }
  35          
  36          void Timer0Init(void)   //1毫秒@11.0592MHz
  37          {
  38   1        TMOD &= 0xF0;   //设置定时器模式
  39   1        TMOD |= 0x01;   //设置定时器模式
  40   1        TL0 = 0x66;   //设置定时初始值
  41   1        TH0 = 0xFC;   //设置定时初始值
  42   1        TF0 = 0;    //清除TF0标志
  43   1        ET0 = 1;         //打开定时计数器中断0
  44   1        TR0 = 1;    //定时器0开始计时
  45   1      }
  46          
  47          void timer_ISR(void) interrupt 1
  48          {
  49   1        TR0 = 0;
  50   1        display();
  51   1        TL0 = 0x66;   //设置定时初始值
  52   1        TH0 = 0xFC;   //设置定时初始值
  53   1        TR0 = 1;
  54   1      }
C51 COMPILER V9.59.0.0   MAIN                                                              10/08/2023 18:26:11 PAGE 2   

  55          
  56          void EX0_Init(void)
  57          {
  58   1        IT0 = 1;//下降沿触发
  59   1        EX0 = 1;
  60   1      }
  61          
  62          void EX0_ISR(void) interrupt 0
  63          {
  64   1        EX0 = 0;
  65   1        Delay10ms();
  66   1        num++;
  67   1        if(num > 9999)
  68   1          num = 0;
  69   1        EX0 = 1;
  70   1      }
  71          
  72          void EX1_Init(void)
  73          {
  74   1        IT1 = 1;//下降沿触发
  75   1        EX1 = 1;
  76   1      }
  77          
  78          void EX1_ISR(void) interrupt 2
  79          {
  80   1        EX1 = 0;
  81   1        Delay10ms() ;
  82   1        num--;
  83   1        if(num < 0)
  84   1          num = 9999;
  85   1        EX1 = 1;
  86   1      }
  87          void Delay10ms()    //@11.0592MHz
  88          {
  89   1        unsigned char i, j;
  90   1      
  91   1        i = 180;
  92   1        j = 73;
  93   1        do
  94   1        {
  95   2          while (--j);
  96   2        } while (--i);
  97   1      }


MODULE INFORMATION:   STATIC OVERLAYABLE
   CODE SIZE        =    471    ----
   CONSTANT SIZE    =   ----    ----
   XDATA SIZE       =   ----    ----
   PDATA SIZE       =   ----    ----
   DATA SIZE        =      4    ----
   IDATA SIZE       =   ----    ----
   BIT SIZE         =   ----    ----
END OF MODULE INFORMATION.


C51 COMPILATION COMPLETE.  0 WARNING(S),  0 ERROR(S)
