C51 COMPILER V9.60.0.0   DELAY                                                             03/25/2023 23:42:28 PAGE 1   


C51 COMPILER V9.60.0.0, COMPILATION OF MODULE DELAY
OBJECT MODULE PLACED IN ..\Output\delay.obj
COMPILER INVOKED BY: d:\Keil_v5\C51\BIN\C51.EXE ..\Source\delay.c OPTIMIZE(8,SPEED) BROWSE DEBUG OBJECTEXTEND PRINT(..\L
                    -istings\delay.lst) OBJECT(..\Output\delay.obj)

line level    source

   1          #include "delay.h"
   2          
   3          void Delay60us()                //@11.0592MHz
   4          {
   5   1              unsigned char i;
   6   1      
   7   1              i = 25;
   8   1              while (--i);
   9   1      }
  10          
  11          
  12          void Delay600us()               //@11.0592MHz
  13          {
  14   1              unsigned char i, j;
  15   1      
  16   1              _nop_();
  17   1              i = 2;
  18   1              j = 15;
  19   1              do
  20   1              {
  21   2                      while (--j);
  22   2              } while (--i);
  23   1      }
  24          


MODULE INFORMATION:   STATIC OVERLAYABLE
   CODE SIZE        =     15    ----
   CONSTANT SIZE    =   ----    ----
   XDATA SIZE       =   ----    ----
   PDATA SIZE       =   ----    ----
   DATA SIZE        =   ----    ----
   IDATA SIZE       =   ----    ----
   BIT SIZE         =   ----    ----
END OF MODULE INFORMATION.


C51 COMPILATION COMPLETE.  0 WARNING(S),  0 ERROR(S)
