C51 COMPILER V9.60.0.0   DS18B20                                                           03/25/2023 23:42:28 PAGE 1   


C51 COMPILER V9.60.0.0, COMPILATION OF MODULE DS18B20
OBJECT MODULE PLACED IN ..\Output\DS18B20.obj
COMPILER INVOKED BY: d:\Keil_v5\C51\BIN\C51.EXE ..\Source\DS18B20.c OPTIMIZE(8,SPEED) BROWSE DEBUG OBJECTEXTEND PRINT(..
                    -\Listings\DS18B20.lst) OBJECT(..\Output\DS18B20.obj)

line level    source

   1          #include "DS18B20.h"
   2          
   3          
   4          bit Start18B20()
   5          {
   6   1              bit ack;
   7   1              ack = OneWireRst();
   8   1              if(!ack)
   9   1              {
  10   2                      WriteOneWire(SKIP_ROM);
  11   2                      WriteOneWire(CONVERT_T);
  12   2              }
  13   1              return ack;
  14   1      }
  15          
  16          bit Read18B20(int *tmp)
  17          {
  18   1              bit ack;
  19   1              unsigned char MSB,LSB;
  20   1              ack = OneWireRst();
  21   1              if(!ack)
  22   1              {
  23   2                      WriteOneWire(SKIP_ROM);
  24   2                      WriteOneWire(READ_SCRATCHPAD);
  25   2                      LSB = ReadOneWire();
  26   2                      MSB = ReadOneWire();
  27   2                      *tmp = ((int)MSB<<8)+LSB;
  28   2              }
  29   1              return ack;
  30   1      
  31   1      }


MODULE INFORMATION:   STATIC OVERLAYABLE
   CODE SIZE        =     77    ----
   CONSTANT SIZE    =   ----    ----
   XDATA SIZE       =   ----    ----
   PDATA SIZE       =   ----    ----
   DATA SIZE        =   ----       4
   IDATA SIZE       =   ----    ----
   BIT SIZE         =   ----       2
END OF MODULE INFORMATION.


C51 COMPILATION COMPLETE.  0 WARNING(S),  0 ERROR(S)
