C51 COMPILER V9.60.0.0   MAIN                                                              03/25/2023 23:42:28 PAGE 1   


C51 COMPILER V9.60.0.0, COMPILATION OF MODULE MAIN
OBJECT MODULE PLACED IN ..\Output\main.obj
COMPILER INVOKED BY: d:\Keil_v5\C51\BIN\C51.EXE ..\Source\main.c OPTIMIZE(8,SPEED) BROWSE DEBUG OBJECTEXTEND PRINT(..\Li
                    -stings\main.lst) OBJECT(..\Output\main.obj)

line level    source

   1          #include <reg51.h>
   2          #include "OneWire.h"
   3          #include "delay.h"
   4          #include "DS18B20.h"
   5          #include "display.h"
   6          
   7          void Timer0_Init(void);
   8          
   9          unsigned char Timer0Cnt;
  10          unsigned char flag;
  11          
  12          void main()
  13          {
  14   1              int tmp;
  15   1              float temp;
  16   1              bit ack;
  17   1              Timer0_Init();
  18   1              Start18B20();
  19   1              while(1)
  20   1              {
  21   2      
  22   2                      if(flag)
  23   2                      {
  24   3                              flag = 0;
  25   3                              ack = Read18B20(&tmp);
  26   3                              if(!ack)
  27   3                              {
  28   4                                      if(tmp<0)
  29   4                                      {
  30   5                                              LEDBUF[7] = 22;
  31   5                                              tmp = ~tmp;
  32   5                                              tmp = tmp + 1;
  33   5                                              temp = tmp;
  34   5                                              tmp = temp*0.0625*100;//2位小数
  35   5                                      }
  36   4                                      else
  37   4                                      {
  38   5                                              LEDBUF[7] = 23;
  39   5                                              temp = tmp;
  40   5                                              tmp = temp*0.0625*100;//2位小数
  41   5                                      }
  42   4                                      if(tmp >= 10000)
  43   4                                              LEDBUF[6] = tmp/10000;
  44   4                                      else
  45   4                                              LEDBUF[6] = 23;//百位
  46   4                                      if(tmp>1000)
  47   4                                              LEDBUF[5] = tmp/1000;
  48   4                                      else
  49   4                                              LEDBUF[5] = 23;//十位
  50   4                                      //个位和小数点
  51   4                                      LEDBUF[4] = tmp/100%10;
  52   4                                      LEDBUF[3] = tmp/10%10;
  53   4                                      LEDBUF[2] = tmp%10;
  54   4                                      
C51 COMPILER V9.60.0.0   MAIN                                                              03/25/2023 23:42:28 PAGE 2   

  55   4                              }
  56   3                      }
  57   2                      Start18B20();
  58   2              }
  59   1      }
  60          
  61          void Timer0_ISR(void) interrupt 1
  62          {
  63   1              TR0 = 0;
  64   1              display();
  65   1              Timer0Cnt++;
  66   1              if(Timer0Cnt>100)
  67   1              {
  68   2                      Timer0Cnt = 0;
  69   2                      flag = 1;
  70   2              }
  71   1              
  72   1              TL0 = 0x66;                             //设置定时初始值
  73   1              TH0 = 0xFC;                             //设置定时初始值
  74   1              TR0 = 1;
  75   1      }
  76          
  77          void Timer0_Init(void)          //1毫秒@11.0592MHz
  78          {
  79   1              TMOD &= 0xF0;                   //设置定时器模式
  80   1              TMOD |= 0x01;                   //设置定时器模式
  81   1              TL0 = 0x66;                             //设置定时初始值
  82   1              TH0 = 0xFC;                             //设置定时初始值
  83   1              TF0 = 0;                                //清除TF0标志
  84   1              ET0 = 1;                                //使能定时器0中断
  85   1              EA = 1;
  86   1              TR0 = 1;                                //定时器0开始计
  87   1      }


MODULE INFORMATION:   STATIC OVERLAYABLE
   CODE SIZE        =    337    ----
   CONSTANT SIZE    =   ----    ----
   XDATA SIZE       =   ----    ----
   PDATA SIZE       =   ----    ----
   DATA SIZE        =      2       6
   IDATA SIZE       =   ----    ----
   BIT SIZE         =   ----       1
END OF MODULE INFORMATION.


C51 COMPILATION COMPLETE.  0 WARNING(S),  0 ERROR(S)
