C51 COMPILER V9.60.0.0   UART                                                              04/30/2023 14:13:53 PAGE 1   


C51 COMPILER V9.60.0.0, COMPILATION OF MODULE UART
OBJECT MODULE PLACED IN ..\Output\UART.obj
COMPILER INVOKED BY: d:\Keil_v5\C51\BIN\C51.EXE ..\Source\UART.c OPTIMIZE(8,SPEED) BROWSE DEBUG OBJECTEXTEND PRINT(..\Li
                    -stings\UART.lst) OBJECT(..\Output\UART.obj)

line level    source

   1          #include "UART.h"
   2          
   3          unsigned char Rec_dat;
   4          bit Rec_flag=0;
   5          void UartInit(void)             //9600bps@11.0592MHz
   6          {
   7   1              PCON &= 0x7F;           //波特率不倍速
   8   1              SCON = 0x50;            //8位数据,可变波特率
   9   1              TMOD &= 0x0F;           //设置定时器模式
  10   1              TMOD |= 0x20;           //设置定时器模式
  11   1              TL1 = 0xFD;                     //设置定时初始值
  12   1              TH1 = 0xFD;                     //设置定时重载值
  13   1              ET1 = 0;                        //禁止定时器中断
  14   1              ES = 1;
  15   1              TR1 = 1;                        //定时器1开始计时
  16   1      }
  17          
  18          
  19          void SendByte(unsigned char dat)//发送一帧数据
  20          {
  21   1              SBUF = dat;
  22   1              while(!TI);
  23   1              TI = 0;
  24   1      }
  25          
  26          
  27          void SendString(unsigned char *dat)
  28          {       
  29   1              while(*dat!='\0')
  30   1              {
  31   2                      SendByte(*dat++);
  32   2              }
  33   1      }
  34          
  35          char putchar(char c)
  36          {
  37   1              SendByte(c);
  38   1              return c;
  39   1      }
  40          
  41          void UART_ISR() interrupt 4
  42          {
  43   1              if(RI)
  44   1              {       
  45   2                      RI = 0;
  46   2                      Rec_flag = 1;
  47   2                      Rec_dat = SBUF;
  48   2              }
  49   1      
  50   1      }


MODULE INFORMATION:   STATIC OVERLAYABLE
   CODE SIZE        =     86    ----
C51 COMPILER V9.60.0.0   UART                                                              04/30/2023 14:13:53 PAGE 2   

   CONSTANT SIZE    =   ----    ----
   XDATA SIZE       =   ----    ----
   PDATA SIZE       =   ----    ----
   DATA SIZE        =      1       3
   IDATA SIZE       =   ----    ----
   BIT SIZE         =      1    ----
END OF MODULE INFORMATION.


C51 COMPILATION COMPLETE.  0 WARNING(S),  0 ERROR(S)
