C51 COMPILER V9.60.0.0   MAIN                                                              01/03/2023 21:48:18 PAGE 1   


C51 COMPILER V9.60.0.0, COMPILATION OF MODULE MAIN
OBJECT MODULE PLACED IN ..\Output\main.obj
COMPILER INVOKED BY: d:\Keil_v5\C51\BIN\C51.EXE ..\Source\main.c OPTIMIZE(8,SPEED) BROWSE DEBUG OBJECTEXTEND PRINT(..\Li
                    -sting\main.lst) OBJECT(..\Output\main.obj)

line level    source

   1          #include <reg51.h>
   2          #include "delay.h"
   3          #include "display.h"
   4          
   5          void main()
   6          {
   7   1              
   8   1              unsigned int i;
   9   1              unsigned char wnd=1;
  10   1              long parm1 = 124685;
  11   1              long parm2 = 255454;
  12   1              long parm3 = 323755;
  13   1              long parm4 = 247552;
  14   1              long parm5 = 214554;
  15   1              long parm6 = 577589;
  16   1              for(i=0;i<300;i++)
  17   1              {
  18   2                      display();
  19   2              }
  20   1                      
  21   1              while(1)
  22   1              {
  23   2                      switch(wnd)
  24   2                      {
  25   3                              case 1:
  26   3                                      LEDBUF[0] = 1;
  27   3                                      LEDBUF[1] = 22;
  28   3                                      LEDBUF[2] = parm1/100000;
  29   3                                      LEDBUF[3] = parm1/10000%10;
  30   3                                      LEDBUF[4] = parm1/1000%10;
  31   3                                      LEDBUF[5] = parm1/100%10;
  32   3                                      LEDBUF[6] = parm1/10%10;
  33   3                                      LEDBUF[7] = parm1%10;
  34   3                                      for(i=0;i<500;i++)
  35   3                                      {
  36   4                                              display();
  37   4                                      }
  38   3                                      wnd++;
  39   3                                      break;
  40   3                              case 2:
  41   3                                      LEDBUF[0] = 2;
  42   3                                      LEDBUF[1] = 22;
  43   3                                      LEDBUF[2] = parm2/100000;
  44   3                                      LEDBUF[3] = parm2/10000%10;
  45   3                                      LEDBUF[4] = parm2/1000%10;
  46   3                                      LEDBUF[5] = parm2/100%10;
  47   3                                      LEDBUF[6] = parm2/10%10;
  48   3                                      LEDBUF[7] = parm2%10;
  49   3                                      for(i=0;i<500;i++)
  50   3                                      {
  51   4                                              display();
  52   4                                      }
  53   3                                      wnd++;
  54   3                                      break;
C51 COMPILER V9.60.0.0   MAIN                                                              01/03/2023 21:48:18 PAGE 2   

  55   3                              case 3:
  56   3                                      LEDBUF[0] = 3;
  57   3                                      LEDBUF[1] = 22;
  58   3                                      LEDBUF[2] = parm3/100000;
  59   3                                      LEDBUF[3] = parm3/10000%10;
  60   3                                      LEDBUF[4] = parm3/1000%10;
  61   3                                      LEDBUF[5] = parm3/100%10;
  62   3                                      LEDBUF[6] = parm3/10%10;
  63   3                                      LEDBUF[7] = parm3%10;
  64   3                                      for(i=0;i<500;i++)
  65   3                                      {
  66   4                                              display();
  67   4                                      }
  68   3                                      wnd++;
  69   3                                      break;
  70   3                              case 4:
  71   3                                      LEDBUF[0] = 4;
  72   3                                      LEDBUF[1] = 22;
  73   3                                      LEDBUF[2] = parm4/100000;
  74   3                                      LEDBUF[3] = parm4/10000%10;
  75   3                                      LEDBUF[4] = parm4/1000%10;
  76   3                                      LEDBUF[5] = parm4/100%10;
  77   3                                      LEDBUF[6] = parm4/10%10;
  78   3                                      LEDBUF[7] = parm4%10;
  79   3                                      for(i=0;i<500;i++)
  80   3                                      {
  81   4                                              display();
  82   4                                      }
  83   3                                      wnd++;
  84   3                                      break;
  85   3                              case 5:
  86   3                                      LEDBUF[0] = 5;
  87   3                                      LEDBUF[1] = 22;
  88   3                                      LEDBUF[2] = parm5/100000;
  89   3                                      LEDBUF[3] = parm5/10000%10;
  90   3                                      LEDBUF[4] = parm5/1000%10;
  91   3                                      LEDBUF[5] = parm5/100%10;
  92   3                                      LEDBUF[6] = parm5/10%10;
  93   3                                      LEDBUF[7] = parm5%10;
  94   3                                      for(i=0;i<500;i++)
  95   3                                      {
  96   4                                              display();
  97   4                                      }
  98   3                                      wnd++;
  99   3                                      break;
 100   3                              case 6:
 101   3                                      LEDBUF[0] = 6;
 102   3                                      LEDBUF[1] = 22;
 103   3                                      LEDBUF[2] = parm6/100000;
 104   3                                      LEDBUF[3] = parm6/10000%10;
 105   3                                      LEDBUF[4] = parm6/1000%10;
 106   3                                      LEDBUF[5] = parm6/100%10;
 107   3                                      LEDBUF[6] = parm6/10%10;
 108   3                                      LEDBUF[7] = parm6%10;
 109   3                                      for(i=0;i<500;i++)
 110   3                                      {
 111   4                                              display();
 112   4                                      }
 113   3                                      wnd=1;
 114   3                                      break;
 115   3                              
 116   3                              default:break;
C51 COMPILER V9.60.0.0   MAIN                                                              01/03/2023 21:48:18 PAGE 3   

 117   3                              }
 118   2              }
 119   1      }


MODULE INFORMATION:   STATIC OVERLAYABLE
   CODE SIZE        =   1338    ----
   CONSTANT SIZE    =   ----    ----
   XDATA SIZE       =   ----    ----
   PDATA SIZE       =   ----    ----
   DATA SIZE        =   ----      27
   IDATA SIZE       =   ----    ----
   BIT SIZE         =   ----    ----
END OF MODULE INFORMATION.


C51 COMPILATION COMPLETE.  0 WARNING(S),  0 ERROR(S)
