C51 COMPILER V9.60.0.0   MAIN                                                              04/15/2023 15:41:27 PAGE 1   


C51 COMPILER V9.60.0.0, COMPILATION OF MODULE MAIN
OBJECT MODULE PLACED IN ..\Output\main.obj
COMPILER INVOKED BY: d:\Keil_v5\C51\BIN\C51.EXE ..\Source\main.c OPTIMIZE(8,SPEED) BROWSE DEBUG OBJECTEXTEND PRINT(..\Li
                    -stings\main.lst) OBJECT(..\Output\main.obj)

line level    source

   1          #include <reg51.h>
   2          #include "DS18B20.h"
   3          #include "display.h"
   4          #include "delay.h"
   5          #include "OneWire.h"
   6          
   7          void Timer0_Init(void);         //1毫秒@11.0592MHz
   8          
   9          
  10          unsigned char flag = 0;
  11          void main()
  12          {
  13   1              bit ack;
  14   1              int temp;
  15   1              float tmp;
  16   1              Timer0_Init();
  17   1              Start18B20();
  18   1              while(1)
  19   1              {
  20   2                      if(flag)//1s更新一次温度
  21   2                      {
  22   3                              flag = 0;
  23   3                              ack = Read18B20(&temp);
  24   3                              if(!ack)
  25   3                              {
  26   4                                      if(temp < 0)//当温度为负数
  27   4                                      {
  28   5                                              LEDBUF[7] = 22;
  29   5                                              temp = ~temp;
  30   5                                              temp = temp +1;
  31   5                                              tmp = temp;
  32   5                                              temp = tmp*0.0625*100;//两位小数
  33   5                                      }
  34   4                                      else
  35   4                                      {       
  36   5      //                                      LEDBUF[7] = 23;
  37   5                                              tmp = temp;
  38   5                                              temp = tmp * 0.0625 * 1000;//三位小数
  39   5                                      }
  40   4                                      
  41   4                                      if(temp >= 10000)
  42   4                                              LEDBUF[6] = temp/10000;
  43   4      //                              else
  44   4      //                                      LEDBUF[6] = 23;
  45   4      //                              if(temp >= 1000)
  46   4                                              LEDBUF[5] = temp/1000%10;
  47   4      //                              else
  48   4      //                                      LEDBUF[5] = 23;
  49   4                                      LEDBUF[4] = temp/100%10;//个位
  50   4                                      LEDBUF[3] = temp/10%10;//小数位
  51   4                                      LEDBUF[2] = temp%10;//小数位
  52   4                              }
  53   3              }
  54   2                      Start18B20();
C51 COMPILER V9.60.0.0   MAIN                                                              04/15/2023 15:41:27 PAGE 2   

  55   2              }
  56   1              
  57   1      }
  58          
  59          void Timer0_Init(void)          //1毫秒@11.0592MHz
  60          {
  61   1              TMOD &= 0xF0;                   //设置定时器模式
  62   1              TMOD |= 0x01;                   //设置定时器模式
  63   1              TL0 = 0x66;                             //设置定时初始值
  64   1              TH0 = 0xFC;                             //设置定时初始值
  65   1              TF0 = 0;                                //清除TF0标志
  66   1              ET0 = 1;
  67   1              EA = 1;
  68   1              TR0 = 1;                                //定时器0开始计时
  69   1      }
  70          
  71          
  72          
  73          void Timer0_ISR() interrupt 1
  74          {
  75   1              static unsigned char Timer0Cnt;
  76   1              TR0 = 0;
  77   1              display();
  78   1              Timer0Cnt++;
  79   1              if(Timer0Cnt==50)
  80   1              {
  81   2                      Timer0Cnt = 0;
  82   2                      flag = 1;
  83   2              }
  84   1              
  85   1              TL0 = 0x66;                             //设置定时初始值
  86   1              TH0 = 0xFC;                             //设置定时初始值
  87   1              TR0 = 1;
  88   1      }


MODULE INFORMATION:   STATIC OVERLAYABLE
   CODE SIZE        =    331    ----
   CONSTANT SIZE    =   ----    ----
   XDATA SIZE       =   ----    ----
   PDATA SIZE       =   ----    ----
   DATA SIZE        =      2       6
   IDATA SIZE       =   ----    ----
   BIT SIZE         =   ----       1
END OF MODULE INFORMATION.


C51 COMPILATION COMPLETE.  0 WARNING(S),  0 ERROR(S)
