C51 COMPILER V9.60.0.0   ONEWIRE                                                           04/15/2023 15:41:27 PAGE 1   


C51 COMPILER V9.60.0.0, COMPILATION OF MODULE ONEWIRE
OBJECT MODULE PLACED IN ..\Output\OneWire.obj
COMPILER INVOKED BY: d:\Keil_v5\C51\BIN\C51.EXE ..\Source\OneWire.c OPTIMIZE(8,SPEED) BROWSE DEBUG OBJECTEXTEND PRINT(..
                    -\Listings\OneWire.lst) OBJECT(..\Output\OneWire.obj)

line level    source

   1          #include "OneWire.h"
   2          
   3          bit OneWireRst()
   4          {
   5   1              bit ack;
   6   1              DS18B20 = 0;
   7   1              Delay600us();
   8   1              DS18B20 = 1;
   9   1              Delay60us();
  10   1              ack = DS18B20;
  11   1              while(!DS18B20);
  12   1              return ack;
  13   1      }
  14          
  15          void WriteOneWire(unsigned char dat)
  16          {
  17   1      
  18   1              unsigned char tmp;
  19   1              EA = 0;
  20   1              for(tmp=0x01;tmp != 0;tmp <<= 1)
  21   1              {
  22   2                      DS18B20 = 0;
  23   2                      _nop_();
  24   2                      _nop_();
  25   2                      if((tmp&dat) == 0)
  26   2                              DS18B20 = 0;
  27   2                      else
  28   2                              DS18B20 = 1;
  29   2                      Delay60us();
  30   2                      DS18B20 = 1;
  31   2              }
  32   1              EA = 1;
  33   1      }
  34          
  35          unsigned char ReadOneWire()
  36          {
  37   1              
  38   1              unsigned char dat;
  39   1              unsigned char tmp;
  40   1              EA = 0;
  41   1              for(tmp = 0x01;tmp != 0;tmp<<=1)
  42   1              {
  43   2                      DS18B20 = 0;
  44   2                      _nop_();
  45   2                      _nop_();
  46   2                      DS18B20 = 1;
  47   2                      _nop_();
  48   2                      _nop_();
  49   2                      if(!DS18B20)
  50   2                              dat &= ~tmp;
  51   2                      else
  52   2                              dat |= tmp;
  53   2                      Delay60us();
  54   2              }
C51 COMPILER V9.60.0.0   ONEWIRE                                                           04/15/2023 15:41:27 PAGE 2   

  55   1              EA = 1;
  56   1              return dat;
  57   1      }


MODULE INFORMATION:   STATIC OVERLAYABLE
   CODE SIZE        =    106    ----
   CONSTANT SIZE    =   ----    ----
   XDATA SIZE       =   ----    ----
   PDATA SIZE       =   ----    ----
   DATA SIZE        =   ----       4
   IDATA SIZE       =   ----    ----
   BIT SIZE         =   ----       1
END OF MODULE INFORMATION.


C51 COMPILATION COMPLETE.  0 WARNING(S),  0 ERROR(S)
