C51 COMPILER V9.60.0.0   MAIN                                                              04/30/2023 14:04:45 PAGE 1   


C51 COMPILER V9.60.0.0, COMPILATION OF MODULE MAIN
OBJECT MODULE PLACED IN ..\Output\main.obj
COMPILER INVOKED BY: d:\Keil_v5\C51\BIN\C51.EXE ..\Source\main.c OPTIMIZE(8,SPEED) BROWSE DEBUG OBJECTEXTEND PRINT(..\Li
                    -stings\main.lst) OBJECT(..\Output\main.obj)

line level    source

   1          #include <reg51.h>
   2          #include <intrins.h>
   3          #include <stdio.h>
   4          #include "UART.h"
   5          
   6          void Delay1000ms();             //@11.0592MHz
   7          
   8          void main()
   9          {
  10   1              UartInit();
  11   1              while(1)
  12   1              {
  13   2                      SendString("Œ“œ≤ª∂¡ı√ŒÍœ\r\n");
  14   2                      printf("Œ“œ≤ª∂¡ı√ŒÍœ\r\n");
  15   2                      Delay1000ms();
  16   2              }
  17   1      }
  18          
  19          
  20          void Delay1000ms()              //@11.0592MHz
  21          {
  22   1              unsigned char i, j, k;
  23   1      
  24   1              _nop_();
  25   1              i = 8;
  26   1              j = 1;
  27   1              k = 243;
  28   1              do
  29   1              {
  30   2                      do
  31   2                      {
  32   3                              while (--k);
  33   3                      } while (--j);
  34   2              } while (--i);
  35   1      }


MODULE INFORMATION:   STATIC OVERLAYABLE
   CODE SIZE        =     40    ----
   CONSTANT SIZE    =     15    ----
   XDATA SIZE       =   ----    ----
   PDATA SIZE       =   ----    ----
   DATA SIZE        =   ----    ----
   IDATA SIZE       =   ----    ----
   BIT SIZE         =   ----    ----
END OF MODULE INFORMATION.


C51 COMPILATION COMPLETE.  0 WARNING(S),  0 ERROR(S)
