C51 COMPILER V9.60.0.0   UART                                                              04/30/2023 14:04:45 PAGE 1   


C51 COMPILER V9.60.0.0, COMPILATION OF MODULE UART
OBJECT MODULE PLACED IN ..\Output\UART.obj
COMPILER INVOKED BY: d:\Keil_v5\C51\BIN\C51.EXE ..\Source\UART.c OPTIMIZE(8,SPEED) BROWSE DEBUG OBJECTEXTEND PRINT(..\Li
                    -stings\UART.lst) OBJECT(..\Output\UART.obj)

line level    source

   1          #include "UART.h"
   2          void UartInit(void)             //4800bps@11.0592MHz
   3          {
   4   1              PCON &= 0x7F;           //波特率不倍速
   5   1              SCON = 0x50;            //8位数据,可变波特率
   6   1              TMOD &= 0x0F;           //设置定时器模式
   7   1              TMOD |= 0x20;           //设置定时器模式
   8   1              TL1 = 0xFA;                     //设置定时初始值
   9   1              TH1 = 0xFA;                     //设置定时重载值
  10   1              ET1 = 0;                        //禁止定时器中断
  11   1              TR1 = 1;                        //定时器1开始计时
  12   1      }
  13          
  14          
  15          void SendByte(unsigned char dat)
  16          {
  17   1              SBUF = dat;
  18   1              while(!TI);
  19   1              TI = 0;
  20   1      }
  21          
  22          void SendString(unsigned char *dat)
  23          {       
  24   1              while(*dat!='\0')
  25   1              {
  26   2                      SendByte(*dat++);
  27   2              }
  28   1      }
  29          
  30          char putchar(char c)
  31          {
  32   1              SendByte(c);
  33   1              return c;
  34   1      }


MODULE INFORMATION:   STATIC OVERLAYABLE
   CODE SIZE        =     73    ----
   CONSTANT SIZE    =   ----    ----
   XDATA SIZE       =   ----    ----
   PDATA SIZE       =   ----    ----
   DATA SIZE        =   ----       3
   IDATA SIZE       =   ----    ----
   BIT SIZE         =   ----    ----
END OF MODULE INFORMATION.


C51 COMPILATION COMPLETE.  0 WARNING(S),  0 ERROR(S)
