C51 COMPILER V9.60.0.0   DELAY                                                             04/16/2023 00:43:19 PAGE 1   


C51 COMPILER V9.60.0.0, COMPILATION OF MODULE DELAY
OBJECT MODULE PLACED IN ..\Output\delay.obj
COMPILER INVOKED BY: d:\Keil_v5\C51\BIN\C51.EXE ..\Source\delay.c OPTIMIZE(8,SPEED) BROWSE DEBUG OBJECTEXTEND PRINT(..\L
                    -istings\delay.lst) OBJECT(..\Output\delay.obj)

line level    source

   1          #include "delay.h"
   2          
   3          void Delayxms(unsigned int xms)         //@11.0592MHz
   4          {
   5   1              unsigned char i, j;
   6   1              unsigned int k;
   7   1              k = xms;
   8   1              while(k)
   9   1              {
  10   2                      _nop_();
  11   2                      _nop_();
  12   2                      _nop_();
  13   2                      i = 11;
  14   2                      j = 190;
  15   2                      do
  16   2                      {
  17   3                              while (--j);
  18   3                      } while (--i);
  19   2                      k--;
  20   2              }
  21   1      }


MODULE INFORMATION:   STATIC OVERLAYABLE
   CODE SIZE        =     23    ----
   CONSTANT SIZE    =   ----    ----
   XDATA SIZE       =   ----    ----
   PDATA SIZE       =   ----    ----
   DATA SIZE        =   ----    ----
   IDATA SIZE       =   ----    ----
   BIT SIZE         =   ----    ----
END OF MODULE INFORMATION.


C51 COMPILATION COMPLETE.  0 WARNING(S),  0 ERROR(S)
