C51 COMPILER V9.60.0.0   TIME                                                              04/16/2023 00:46:39 PAGE 1   


C51 COMPILER V9.60.0.0, COMPILATION OF MODULE TIME
OBJECT MODULE PLACED IN ..\Output\time.obj
COMPILER INVOKED BY: d:\Keil_v5\C51\BIN\C51.EXE ..\Source\time.c OPTIMIZE(8,SPEED) BROWSE DEBUG OBJECTEXTEND PRINT(..\Li
                    -stings\time.lst) OBJECT(..\Output\time.obj)

line level    source

   1          #include "time.h"
   2          unsigned char UART_Timer_Start = 0;
   3          unsigned char UART_Timer_Cnt = 0;
   4          void Timer0_Init(void)          //1毫秒@11.0592MHz
   5          {
   6   1              TMOD &= 0xF0;                   //设置定时器模式
   7   1              TMOD |= 0x01;                   //设置定时器模式
   8   1              TL0 = 0x66;                             //设置定时初始值
   9   1              TH0 = 0xFC;                             //设置定时初始值
  10   1              TF0 = 0;                                //清除TF0标志
  11   1              ET0 = 1;
  12   1              
  13   1              TR0 = 1;                                //定时器0开始计时
  14   1      }
  15          
  16          void Timer0_ISR() interrupt 1
  17          {
  18   1              TR0 = 0;
  19   1              
  20   1              if(UART_Timer_Start)
  21   1              {
  22   2                      UART_Timer_Cnt++;
  23   2                      if(UART_Timer_Cnt>5)
  24   2                      {
  25   3                              Rec_Flag = 1;
  26   3                              UART_Timer_Cnt = 0;
  27   3                              Rec_cnt = 0;
  28   3                              UART_Timer_Start=0;
  29   3                              //Rec_cnt = 0;
  30   3                      }
  31   2              }
  32   1              TL0 = 0x66;                             //设置定时初始值
  33   1              TH0 = 0xFC;                             //设置定时初始值
  34   1              TR0 = 1;
  35   1      }


MODULE INFORMATION:   STATIC OVERLAYABLE
   CODE SIZE        =     66    ----
   CONSTANT SIZE    =   ----    ----
   XDATA SIZE       =   ----    ----
   PDATA SIZE       =   ----    ----
   DATA SIZE        =      2    ----
   IDATA SIZE       =   ----    ----
   BIT SIZE         =   ----    ----
END OF MODULE INFORMATION.


C51 COMPILATION COMPLETE.  0 WARNING(S),  0 ERROR(S)
