C51 COMPILER V9.60.0.0   UART                                                              04/16/2023 00:46:39 PAGE 1   


C51 COMPILER V9.60.0.0, COMPILATION OF MODULE UART
OBJECT MODULE PLACED IN ..\Output\UART.obj
COMPILER INVOKED BY: d:\Keil_v5\C51\BIN\C51.EXE ..\Source\UART.c OPTIMIZE(8,SPEED) BROWSE DEBUG OBJECTEXTEND PRINT(..\Li
                    -stings\UART.lst) OBJECT(..\Output\UART.obj)

line level    source

   1          #include "UART.h"
   2          bit Rec_Flag = 0;
   3          unsigned char Rec_dat;
   4          unsigned char Rec_BUF[10];
   5          unsigned char Rec_cnt = 0;
   6          void UartInit(void)             //9600bps@11.0592MHz
   7          {
   8   1              SCON = 0x50;            //8位数据,可变波特率
   9   1              TMOD &= 0x0F;           //设置定时器模式
  10   1              TL1 = 0xE8;                     //设置定时初始值
  11   1              TH1 = 0xFF;                     //设置定时初始值
  12   1              ET1 = 0;                        //禁止定时器中断
  13   1              ES = 1;
  14   1              TR1 = 1;                        //定时器1开始计时
  15   1      }
  16          
  17          void Sendbyte(unsigned char dat)
  18          {
  19   1              SBUF = dat;
  20   1              while(!TI);
  21   1              TI = 0;
  22   1      }
  23          
  24          void clr_Rec_BUF()
  25          {
  26   1              unsigned char i;
  27   1              for(i=0;i<10;i++)
  28   1              {
  29   2                      Rec_BUF[i] = 0;
  30   2              }
  31   1      }
  32          void SendString(unsigned char *dat)
  33          {
  34   1              while(*dat != '\0')
  35   1              {
  36   2                      Sendbyte(*dat++);
  37   2              }
  38   1      }
  39          
  40          char putchar(char c)
  41          {
  42   1              Sendbyte(c);
  43   1              return c;
  44   1      }
  45          
  46          
  47          void UART_ISR() interrupt 4
  48          {
  49   1              if(RI)
  50   1              {
  51   2                      RI = 0;
  52   2                      UART_Timer_Start = 1;
  53   2                      if(Rec_cnt<10)
  54   2                      {
C51 COMPILER V9.60.0.0   UART                                                              04/16/2023 00:46:39 PAGE 2   

  55   3                              Rec_BUF[Rec_cnt] = SBUF;
  56   3                              Rec_cnt++;
  57   3                      }
  58   2                      else
  59   2                              Rec_cnt = 0;
  60   2                      UART_Timer_Cnt = 0;
  61   2              }
  62   1      }
  63          


MODULE INFORMATION:   STATIC OVERLAYABLE
   CODE SIZE        =    143    ----
   CONSTANT SIZE    =   ----    ----
   XDATA SIZE       =   ----    ----
   PDATA SIZE       =   ----    ----
   DATA SIZE        =     12       3
   IDATA SIZE       =   ----    ----
   BIT SIZE         =      1    ----
END OF MODULE INFORMATION.


C51 COMPILATION COMPLETE.  0 WARNING(S),  0 ERROR(S)
