C51 COMPILER V9.60.0.0   MAIN                                                              01/22/2023 17:47:27 PAGE 1   


C51 COMPILER V9.60.0.0, COMPILATION OF MODULE MAIN
OBJECT MODULE PLACED IN ..\Output\main.obj
COMPILER INVOKED BY: d:\Keil_v5\C51\BIN\C51.EXE ..\Source\main.c OPTIMIZE(8,SPEED) BROWSE DEBUG OBJECTEXTEND PRINT(..\Li
                    -sting\main.lst) OBJECT(..\Output\main.obj)

line level    source

   1          #include <reg51.h>
   2          #include <intrins.h>
   3          void timer0_Init();
   4          unsigned int temp = 0xFE;
   5          void main()
   6          {
   7   1              unsigned char timer_cnt = 50;
   8   1              timer0_Init();
   9   1              while(1)
  10   1              {
  11   2                      if(TF0 == 1)
  12   2                      {
  13   3                              TF0 = 0;
  14   3                              TH0 = (65536 - 20000)/256;
  15   3                              TL0 = (65536 - 20000)%256;
  16   3                              timer_cnt--;
  17   3                              if(timer_cnt == 0)
  18   3                              {
  19   4                              timer_cnt = 50;
  20   4                              P2 = temp;
  21   4                              temp = _crol_(temp,1);
  22   4                              }
  23   3                      }
  24   2              }
  25   1      
  26   1      }
  27          
  28          void timer0_Init()
  29          {
  30   1              TMOD = 0x01;
  31   1              TH0 = (65536 - 20000)/256;
  32   1              TL0 = (65536 - 20000)%256;
  33   1              TR0 = 1;
  34   1      }


MODULE INFORMATION:   STATIC OVERLAYABLE
   CODE SIZE        =     58    ----
   CONSTANT SIZE    =   ----    ----
   XDATA SIZE       =   ----    ----
   PDATA SIZE       =   ----    ----
   DATA SIZE        =      2       1
   IDATA SIZE       =   ----    ----
   BIT SIZE         =   ----    ----
END OF MODULE INFORMATION.


C51 COMPILATION COMPLETE.  0 WARNING(S),  0 ERROR(S)
