C51 COMPILER V9.60.0.0   MAIN                                                              01/07/2023 21:46:03 PAGE 1   


C51 COMPILER V9.60.0.0, COMPILATION OF MODULE MAIN
OBJECT MODULE PLACED IN ..\Output\main.obj
COMPILER INVOKED BY: d:\Keil_v5\C51\BIN\C51.EXE ..\Source\main.c OPTIMIZE(8,SPEED) BROWSE DEBUG OBJECTEXTEND PRINT(..\Li
                    -sting\main.lst) OBJECT(..\Output\main.obj)

line level    source

   1          #include <reg51.h>
   2          #include <intrins.h>
   3          #include "key.h"
   4          #include "delay.h"
   5          
   6          void key_service();
   7          bit StartFlag = 0;
   8          bit UpDownFlag = 0;
   9          unsigned char temp = 0xFE;
  10          void main()
  11          {
  12   1              
  13   1              while(1)
  14   1              {
  15   2                      key_service();
  16   2              }
  17   1      }
  18          
  19          void key_service()
  20          {
  21   1              switch(key_scan())
  22   1              {
  23   2                      case 1:
  24   2                              StartFlag = 0;
  25   2                              break;
  26   2                      case 2:
  27   2                              StartFlag = 1;
  28   2                              break;
  29   2                      case 3:
  30   2                              UpDownFlag = 0;
  31   2                              break;
  32   2                      case 4:
  33   2                              UpDownFlag = 1;
  34   2                              break;
  35   2                      default:break;
  36   2              }
  37   1      
  38   1              if(StartFlag)
  39   1              {
  40   2                      P2 = temp;
  41   2                      Delayxms(500);
  42   2                      if(0 == UpDownFlag)
  43   2                              temp = _crol_(temp,1);
  44   2                      else
  45   2                              temp = _cror_(temp,1);
  46   2              }
  47   1      }


MODULE INFORMATION:   STATIC OVERLAYABLE
   CODE SIZE        =     81    ----
   CONSTANT SIZE    =   ----    ----
   XDATA SIZE       =   ----    ----
   PDATA SIZE       =   ----    ----
C51 COMPILER V9.60.0.0   MAIN                                                              01/07/2023 21:46:03 PAGE 2   

   DATA SIZE        =      1    ----
   IDATA SIZE       =   ----    ----
   BIT SIZE         =      2    ----
END OF MODULE INFORMATION.


C51 COMPILATION COMPLETE.  0 WARNING(S),  0 ERROR(S)
