C51 COMPILER V9.60.0.0   MAIN                                                              01/01/2023 20:30:53 PAGE 1   


C51 COMPILER V9.60.0.0, COMPILATION OF MODULE MAIN
OBJECT MODULE PLACED IN ..\Output\main.obj
COMPILER INVOKED BY: d:\Keil_v5\C51\BIN\C51.EXE main.c OPTIMIZE(8,SPEED) BROWSE DEBUG OBJECTEXTEND PRINT(..\Listings\mai
                    -n.lst) OBJECT(..\Output\main.obj)

line level    source

   1          #include <reg51.h>
   2          
   3          void DelayXms(unsigned char X);         //@12.000MHz
   4          void main()
   5          {
   6   1              while(1)
   7   1              {
   8   2                      P2 = 0xFE;//1111 1110
   9   2                      DelayXms(500);
  10   2                      P2 = 0xFD;//1111 1101
  11   2                      DelayXms(500);
  12   2                      P2 = 0xFB;//1111 1011
  13   2                      DelayXms(500);
  14   2                      P2 = 0xF7;//1111 0111
  15   2                      DelayXms(500);
  16   2                      P2 = 0xEF;//1110 1111
  17   2                      DelayXms(500);
  18   2                      P2 = 0xDF;//1101 1111
  19   2                      DelayXms(500);
  20   2                      P2 = 0xBF;//1011 1111
  21   2                      DelayXms(500);
  22   2                      P2 = 0x7F;//0111 1111
  23   2                      DelayXms(500);
  24   2              }
  25   1      
  26   1      }
  27          
  28          void DelayXms(unsigned char X)          //@12.000MHz
  29          {
  30   1              
  31   1              unsigned char i, j, k;
  32   1              for(k=X;k>0;k--)
  33   1              {
  34   2                      i = 2;
  35   2                      j = 239;
  36   2                      do
  37   2                      {
  38   3                              while (--j);
  39   3                      } while (--i);
  40   2              }
  41   1      }


MODULE INFORMATION:   STATIC OVERLAYABLE
   CODE SIZE        =     88    ----
   CONSTANT SIZE    =   ----    ----
   XDATA SIZE       =   ----    ----
   PDATA SIZE       =   ----    ----
   DATA SIZE        =   ----    ----
   IDATA SIZE       =   ----    ----
   BIT SIZE         =   ----    ----
END OF MODULE INFORMATION.


C51 COMPILATION COMPLETE.  0 WARNING(S),  0 ERROR(S)
