C51 COMPILER V9.60.0.0   PCF8591                                                           03/19/2023 17:42:21 PAGE 1   


C51 COMPILER V9.60.0.0, COMPILATION OF MODULE PCF8591
OBJECT MODULE PLACED IN .\Objects\PCF8591.obj
COMPILER INVOKED BY: d:\Keil_v5\C51\BIN\C51.EXE ..\Source\PCF8591.c OPTIMIZE(8,SPEED) BROWSE DEBUG OBJECTEXTEND PRINT(.\
                    -Listings\PCF8591.lst) OBJECT(.\Objects\PCF8591.obj)

line level    source

   1          #include "PCF8591.h"
   2          
   3          unsigned char AD_Convert(unsigned char addr,unsigned char channel)
   4          {
   5   1              unsigned char dat=0;
   6   1              IIC_Start();
   7   1              if(IIC_SendByte(addr<<1))
   8   1              {
   9   2                      IIC_Stop();
  10   2                      return 0;
  11   2              }
  12   1              IIC_SendByte(channel);
  13   1              
  14   1              IIC_Start();
  15   1              IIC_SendByte((addr<<1)|0x01);
  16   1              IIC_RecByte();
  17   1              IIC_SendAck(0);
  18   1              dat = IIC_RecByte();
  19   1              IIC_SendAck(1);
  20   1              IIC_Stop();
  21   1              return dat;
  22   1      
  23   1      }
  24          
  25          unsigned char DA_Convert(unsigned char Addr,unsigned char dat)
  26          {
  27   1              IIC_Start();
  28   1              if(IIC_SendByte((Addr<<1)))
  29   1              {
  30   2                      IIC_Stop();
  31   2                      return 0;
  32   2              }
  33   1              IIC_SendAck(0x40);
  34   1              IIC_SendAck(dat);
  35   1              IIC_Stop();
  36   1              return 1;
  37   1              
  38   1              
  39   1              
  40   1      }


MODULE INFORMATION:   STATIC OVERLAYABLE
   CODE SIZE        =    111    ----
   CONSTANT SIZE    =   ----    ----
   XDATA SIZE       =   ----    ----
   PDATA SIZE       =   ----    ----
   DATA SIZE        =   ----       5
   IDATA SIZE       =   ----    ----
   BIT SIZE         =   ----    ----
END OF MODULE INFORMATION.


C51 COMPILATION COMPLETE.  0 WARNING(S),  0 ERROR(S)
