C51 COMPILER V9.60.0.0   MAIN                                                              03/14/2023 21:22:44 PAGE 1   


C51 COMPILER V9.60.0.0, COMPILATION OF MODULE MAIN
OBJECT MODULE PLACED IN ..\Output\main.obj
COMPILER INVOKED BY: d:\Keil_v5\C51\BIN\C51.EXE ..\Source\main.c OPTIMIZE(8,SPEED) BROWSE DEBUG OBJECTEXTEND PRINT(..\Li
                    -stings\main.lst) OBJECT(..\Output\main.obj)

line level    source

   1          #include <reg51.h>
   2          #include "I2C.h"
   3          #include "display.h"
   4          #include "E2PROM.h"
   5          void Timer0_Init(void);         //1毫秒@11.0592MHz
   6          void display_service();
   7          void Delay10ms();               //@11.0592MHz
   8          unsigned char dat;
   9          void main()
  10          {
  11   1      
  12   1              Timer0_Init();
  13   1              dat = EEPReadByte(0x50,0x21);
  14   1              Delay10ms();
  15   1              dat = dat+1;
  16   1              EEPWriteByte(0x50,0x21,dat);
  17   1              Delay10ms();
  18   1              while(1)
  19   1              {
  20   2                      display_service();
  21   2              }
  22   1      }
  23          
  24          void display_service()
  25          {
  26   1              LEDBUF[7] = dat/16;
  27   1              LEDBUF[6] = dat%16;
  28   1      }
  29          
  30          void Timer0_Isr(void) interrupt 1
  31          {
  32   1              TR0 = 0;
  33   1              display();
  34   1              TL0 = 0x66;                             //设置定时初始值
  35   1              TH0 = 0xFC;                             //设置定时初始值
  36   1              TR0 = 1;
  37   1      }
  38          
  39          void Timer0_Init(void)          //1毫秒@11.0592MHz
  40          {
  41   1              TMOD &= 0xF0;                   //设置定时器模式
  42   1              TMOD |= 0x01;                   //设置定时器模式
  43   1              TL0 = 0x66;                             //设置定时初始值
  44   1              TH0 = 0xFC;                             //设置定时初始值
  45   1              TF0 = 0;                                //清除TF0标志
  46   1              TR0 = 1;                                //定时器0开始计时
  47   1              ET0 = 1;                                //使能定时器0中断
  48   1              EA = 1;
  49   1      }
  50          
  51          
  52          void Delay10ms()                //@12.000MHz
  53          {
  54   1              unsigned char i, j;
C51 COMPILER V9.60.0.0   MAIN                                                              03/14/2023 21:22:44 PAGE 2   

  55   1      
  56   1              i = 117;
  57   1              j = 184;
  58   1              do
  59   1              {
  60   2                      while (--j);
  61   2              } while (--i);
  62   1      }


MODULE INFORMATION:   STATIC OVERLAYABLE
   CODE SIZE        =    147    ----
   CONSTANT SIZE    =   ----    ----
   XDATA SIZE       =   ----    ----
   PDATA SIZE       =   ----    ----
   DATA SIZE        =      1    ----
   IDATA SIZE       =   ----    ----
   BIT SIZE         =   ----    ----
END OF MODULE INFORMATION.


C51 COMPILATION COMPLETE.  0 WARNING(S),  0 ERROR(S)
