C51 COMPILER V9.60.0.0   MAIN                                                              01/22/2023 17:29:08 PAGE 1   


C51 COMPILER V9.60.0.0, COMPILATION OF MODULE MAIN
OBJECT MODULE PLACED IN ..\Output\main.obj
COMPILER INVOKED BY: d:\Keil_v5\C51\BIN\C51.EXE ..\Source\main.c OPTIMIZE(8,SPEED) BROWSE DEBUG OBJECTEXTEND PRINT(..\Li
                    -sting\main.lst) OBJECT(..\Output\main.obj)

line level    source

   1          #include <reg51.h>
   2          
   3          void timer0_Init();
   4          
   5          sbit LED = P2^0;
   6          void main()
   7          {
   8   1              timer0_Init();
   9   1              while(1)
  10   1              {       if(TF0 == 1)
  11   2                      {
  12   3                      TF0 = 0;
  13   3                      LED = ~LED;
  14   3                      TH0 = (65536 - 50000)/256;
  15   3                      TL0 = (65536 - 50000)%256;
  16   3                      }
  17   2              }
  18   1      
  19   1      }
  20          
  21          void timer0_Init()
  22          {
  23   1              TMOD = 0X01;//设定定时计数器0的工作方式1
  24   1              //设定初始定时时间
  25   1              TH0 = (65536 - 50000)/256;
  26   1              TL0 = (65536 - 50000)%256;
  27   1              //定时计数器开始工作
  28   1              TR0 = 1;
  29   1      }


MODULE INFORMATION:   STATIC OVERLAYABLE
   CODE SIZE        =     30    ----
   CONSTANT SIZE    =   ----    ----
   XDATA SIZE       =   ----    ----
   PDATA SIZE       =   ----    ----
   DATA SIZE        =   ----    ----
   IDATA SIZE       =   ----    ----
   BIT SIZE         =   ----    ----
END OF MODULE INFORMATION.


C51 COMPILATION COMPLETE.  0 WARNING(S),  0 ERROR(S)
