C51 COMPILER V9.60.0.0   KEY                                                               04/16/2023 00:43:19 PAGE 1   


C51 COMPILER V9.60.0.0, COMPILATION OF MODULE KEY
OBJECT MODULE PLACED IN ..\Output\key.obj
COMPILER INVOKED BY: d:\Keil_v5\C51\BIN\C51.EXE ..\Source\key.c OPTIMIZE(8,SPEED) BROWSE DEBUG OBJECTEXTEND PRINT(..\Lis
                    -tings\key.lst) OBJECT(..\Output\key.obj)

line level    source

   1          #include "key.h"
   2          
   3          unsigned char KeyScan()
   4          {
   5   1              unsigned char KeyNum = 0;
   6   1              keyout1 = 0;keyout2 = 1;keyout3 = 1;keyout4 = 1;
   7   1              keyin1 = 1;keyin2 = 1;keyin3 = 1;keyin4 = 1;
   8   1              if(!keyin1|!keyin2|!keyin3|!keyin4)
   9   1              {
  10   2                      Delayxms(20);
  11   2                      if(!keyin1|!keyin2|!keyin3|!keyin4)
  12   2                      {
  13   3                              if(!keyin1)
  14   3                                      KeyNum = 4;
  15   3                              if(!keyin2)
  16   3                                      KeyNum = 5;
  17   3                              if(!keyin3)
  18   3                                      KeyNum = 6;
  19   3                              if(!keyin4)
  20   3                                      KeyNum = 7;
  21   3                      }while(!keyin1|!keyin2|!keyin3|!keyin4);
  22   2              }
  23   1              keyout1 = 1;keyout2 = 0;keyout3 = 1;keyout4 = 1;
  24   1              keyin1 = 1;keyin2 = 1;keyin3 = 1;keyin4 = 1;
  25   1              if(!keyin1|!keyin2|!keyin3|!keyin4)
  26   1              {
  27   2                      Delayxms(20);
  28   2                      if(!keyin1|!keyin2|!keyin3|!keyin4)
  29   2                      {
  30   3                              if(!keyin1)
  31   3                                      KeyNum = 8;
  32   3                              if(!keyin2)
  33   3                                      KeyNum = 9;
  34   3                              if(!keyin3)
  35   3                                      KeyNum = 10;
  36   3                              if(!keyin4)
  37   3                                      KeyNum = 11;
  38   3                      }while(!keyin1|!keyin2|!keyin3|!keyin4);
  39   2              }
  40   1              keyout1 = 1;keyout2 = 1;keyout3 = 0;keyout4 = 1;
  41   1              keyin1 = 1;keyin2 = 1;keyin3 = 1;keyin4 = 1;
  42   1              if(!keyin1|!keyin2|!keyin3|!keyin4)
  43   1              {
  44   2                      Delayxms(20);
  45   2                      if(!keyin1|!keyin2|!keyin3|!keyin4)
  46   2                      {
  47   3                              if(!keyin1)
  48   3                                      KeyNum = 12;
  49   3                              if(!keyin2)
  50   3                                      KeyNum = 13;
  51   3                              if(!keyin3)
  52   3                                      KeyNum = 14;
  53   3                              if(!keyin4)
  54   3                                      KeyNum = 15;
C51 COMPILER V9.60.0.0   KEY                                                               04/16/2023 00:43:19 PAGE 2   

  55   3                      }while(!keyin1|!keyin2|!keyin3|!keyin4);
  56   2              }
  57   1              keyout1 = 1;keyout2 = 1;keyout3 = 1;keyout4 = 0;
  58   1              keyin1 = 1;keyin2 = 1;keyin3 = 1;keyin4 = 1;
  59   1              if(!keyin1|!keyin2|!keyin3|!keyin4)
  60   1              {
  61   2                      Delayxms(20);
  62   2                      if(!keyin1|!keyin2|!keyin3|!keyin4)
  63   2                      {
  64   3                              if(!keyin1)
  65   3                                      KeyNum = 16;
  66   3                              if(!keyin2)
  67   3                                      KeyNum = 17;
  68   3                              if(!keyin3)
  69   3                                      KeyNum = 18;
  70   3                              if(!keyin4)
  71   3                                      KeyNum = 19;
  72   3                      }while(!keyin1|!keyin2|!keyin3|!keyin4);
  73   2              }
  74   1              return KeyNum;
  75   1      }


MODULE INFORMATION:   STATIC OVERLAYABLE
   CODE SIZE        =    325    ----
   CONSTANT SIZE    =   ----    ----
   XDATA SIZE       =   ----    ----
   PDATA SIZE       =   ----    ----
   DATA SIZE        =   ----       1
   IDATA SIZE       =   ----    ----
   BIT SIZE         =   ----    ----
END OF MODULE INFORMATION.


C51 COMPILATION COMPLETE.  0 WARNING(S),  0 ERROR(S)
