C51 COMPILER V9.60.0.0   UART                                                              04/30/2023 14:26:11 PAGE 1   


C51 COMPILER V9.60.0.0, COMPILATION OF MODULE UART
OBJECT MODULE PLACED IN ..\Output\UART.obj
COMPILER INVOKED BY: d:\Keil_v5\C51\BIN\C51.EXE ..\Source\UART.c OPTIMIZE(8,SPEED) BROWSE DEBUG OBJECTEXTEND PRINT(..\Li
                    -stings\UART.lst) OBJECT(..\Output\UART.obj)

line level    source

   1          #include "UART.h"
   2          bit Rec_Flag = 0;
   3          unsigned char Rec_dat;
   4          unsigned char Rec_BUF[10];
   5          unsigned char Rec_cnt = 0;
   6          void UartInit(void)             //9600bps@11.0592MHz
   7          {
   8   1              PCON &= 0x7F;           //波特率不倍速
   9   1              SCON = 0x50;            //8位数据,可变波特率
  10   1              TMOD &= 0x0F;           //设置定时器模式
  11   1              TMOD |= 0x20;           //设置定时器模式
  12   1              TL1 = 0xFD;                     //设置定时初始值
  13   1              TH1 = 0xFD;                     //设置定时重载值
  14   1              ET1 = 0;                        //禁止定时器中断
  15   1              ES = 1;
  16   1              TR1 = 1;                        //定时器1开始计时
  17   1      }
  18          
  19          
  20          void Sendbyte(unsigned char dat)
  21          {
  22   1              SBUF = dat;
  23   1              while(!TI);
  24   1              TI = 0;
  25   1      }
  26          
  27          void clr_Rec_BUF()
  28          {
  29   1              unsigned char i;
  30   1              for(i=0;i<10;i++)
  31   1              {
  32   2                      Rec_BUF[i] = 0;
  33   2              }
  34   1      }
  35          void SendString(unsigned char *dat)
  36          {
  37   1              while(*dat != '\0')
  38   1              {
  39   2                      Sendbyte(*dat++);
  40   2              }
  41   1      }
  42          
  43          char putchar(char c)
  44          {
  45   1              Sendbyte(c);
  46   1              return c;
  47   1      }
  48          
  49          
  50          void UART_ISR() interrupt 4
  51          {
  52   1              if(RI)
  53   1              {
  54   2                      RI = 0;
C51 COMPILER V9.60.0.0   UART                                                              04/30/2023 14:26:11 PAGE 2   

  55   2                      UART_Timer_Start = 1;
  56   2                      if(Rec_cnt<10)
  57   2                      {
  58   3                              Rec_BUF[Rec_cnt] = SBUF;
  59   3                              Rec_cnt++;
  60   3                      }
  61   2                      else
  62   2                              Rec_cnt = 0;
  63   2                      UART_Timer_Cnt = 0;
  64   2              }
  65   1      }
  66          


MODULE INFORMATION:   STATIC OVERLAYABLE
   CODE SIZE        =    149    ----
   CONSTANT SIZE    =   ----    ----
   XDATA SIZE       =   ----    ----
   PDATA SIZE       =   ----    ----
   DATA SIZE        =     12       3
   IDATA SIZE       =   ----    ----
   BIT SIZE         =      1    ----
END OF MODULE INFORMATION.


C51 COMPILATION COMPLETE.  0 WARNING(S),  0 ERROR(S)
