C51 COMPILER V9.60.0.0   MAIN                                                              02/10/2023 23:12:43 PAGE 1   


C51 COMPILER V9.60.0.0, COMPILATION OF MODULE MAIN
OBJECT MODULE PLACED IN .\Objects\main.obj
COMPILER INVOKED BY: d:\Keil_v5\C51\BIN\C51.EXE ..\Source\main.c OPTIMIZE(8,SPEED) BROWSE DEBUG OBJECTEXTEND PRINT(.\Lis
                    -tings\main.lst) OBJECT(.\Objects\main.obj)

line level    source

   1          #include <reg51.h>
   2          #define PWM_PRO 50
   3          
   4          unsigned char PWM_cnt = 100;
   5          sbit PWM_LED = P2^0;
   6          void Timer0Init();
   7          void main()
   8          {
   9   1              while(1)
  10   1              {
  11   2                      Timer0Init();
  12   2              }
  13   1      }
  14          
  15          
  16          void Timer0Init(void)           //100微秒@11.0592MHz
  17          {
  18   1              TMOD &= 0xF0;           //设置定时器模式
  19   1              TMOD |= 0x01;           //设置定时器模式
  20   1              TL0 = 0xA4;             //设置定时初始值
  21   1              TH0 = 0xFF;             //设置定时初始值
  22   1              TF0 = 0;                //清除TF0标志
  23   1              ET0 = 1;
  24   1              EA = 1;
  25   1              TR0 = 1;
  26   1      }
  27          
  28          void timer0_ISR(void) interrupt 1
  29          {
  30   1              TR0 = 0;
  31   1              PWM_cnt--;
  32   1              if(PWM_cnt == 0)
  33   1              {
  34   2                      PWM_cnt = 100;//定时10毫秒
  35   2              }
  36   1              
  37   1              
  38   1              if(PWM_cnt >= PWM_PRO)
  39   1              {
  40   2                      PWM_LED = 1;
  41   2              }
  42   1              else
  43   1              {
  44   2                      PWM_LED = 0;
  45   2              }
  46   1              TL0 = 0xA4;             //设置定时初始值
  47   1              TH0 = 0xFF;             //设置定时初始值
  48   1              TR0 = 1;
  49   1      }


MODULE INFORMATION:   STATIC OVERLAYABLE
   CODE SIZE        =     71    ----
   CONSTANT SIZE    =   ----    ----
C51 COMPILER V9.60.0.0   MAIN                                                              02/10/2023 23:12:43 PAGE 2   

   XDATA SIZE       =   ----    ----
   PDATA SIZE       =   ----    ----
   DATA SIZE        =      1    ----
   IDATA SIZE       =   ----    ----
   BIT SIZE         =   ----    ----
END OF MODULE INFORMATION.


C51 COMPILATION COMPLETE.  0 WARNING(S),  0 ERROR(S)
