C51 COMPILER V9.60.0.0   DS1302                                                            03/20/2023 21:40:16 PAGE 1   


C51 COMPILER V9.60.0.0, COMPILATION OF MODULE DS1302
OBJECT MODULE PLACED IN ..\Output\DS1302.obj
COMPILER INVOKED BY: d:\Keil_v5\C51\BIN\C51.EXE ..\Source\DS1302.c OPTIMIZE(8,SPEED) BROWSE DEBUG OBJECTEXTEND PRINT(..\
                    -Listings\DS1302.lst) OBJECT(..\Output\DS1302.obj)

line level    source

   1          #include "DS1302.h"
   2          
   3          unsigned char code READ_TIME[7] = {0x81,0x83,0x85,0x87,0x89,0x8B,0x8D};
   4          unsigned char code WRITE_TIME[7] = {0x80,0x82,0x84,0x86,0x88,0x8A,0x8C};
   5          unsigned char DS1302Time[7] = {0x50,0x59,0x23,0x00,0x00,0x00,0x00};
   6          
   7          void DS1302Init()
   8          {
   9   1              unsigned char i;
  10   1              Write_Ds1302_Byte(0x8E,0x00);
  11   1              for(i=0;i<7;i++)
  12   1              {
  13   2                      Write_Ds1302_Byte(WRITE_TIME[i],DS1302Time[i]);
  14   2              }
  15   1              Write_Ds1302_Byte(0x8E,0x80);
  16   1      }
  17          
  18          void ReadTimer()
  19          {
  20   1              unsigned char i;
  21   1              for(i=0;i<7;i++)
  22   1              {
  23   2                      DS1302Time[i] = Read_Ds1302_Byte(READ_TIME[i]);
  24   2              }
  25   1      }
  26          


MODULE INFORMATION:   STATIC OVERLAYABLE
   CODE SIZE        =     85    ----
   CONSTANT SIZE    =     14    ----
   XDATA SIZE       =   ----    ----
   PDATA SIZE       =   ----    ----
   DATA SIZE        =      7       2
   IDATA SIZE       =   ----    ----
   BIT SIZE         =   ----    ----
END OF MODULE INFORMATION.


C51 COMPILATION COMPLETE.  0 WARNING(S),  0 ERROR(S)
