C51 COMPILER V9.60.0.0   MAIN                                                              04/12/2023 00:09:42 PAGE 1   


C51 COMPILER V9.60.0.0, COMPILATION OF MODULE MAIN
OBJECT MODULE PLACED IN ..\Output\main.obj
COMPILER INVOKED BY: d:\Keil_v5\C51\BIN\C51.EXE ..\Source\main.c OPTIMIZE(8,SPEED) BROWSE DEBUG OBJECTEXTEND PRINT(..\Li
                    -stings\main.lst) OBJECT(..\Output\main.obj)

line level    source

   1          #include <reg51.h>
   2          #include <stdio.h>
   3          #include "DS18B20.h"
   4          #include "display.h"
   5          #include "delay.h"
   6          #include "OneWire.h"
   7          #include "UART.h"
   8          
   9          void Timer0_Init(void);         //1毫秒@11.0592MHz
  10          
  11          
  12          unsigned char flag = 0;
  13          
  14          void main()
  15          {
  16   1              bit ack;
  17   1              int temp;
  18   1              float tmp;
  19   1              Timer0_Init();
  20   1              UartInit();
  21   1              Start18B20();
  22   1              while(1)
  23   1              {
  24   2                      Start18B20();
  25   2                      if(flag)//1s更新一次温度
  26   2                      {
  27   3                              flag = 0;
  28   3                              ack = Read18B20(&temp);
  29   3                              if(!ack)
  30   3                              {
  31   4                                      if(temp < 0)//当温度为负数
  32   4                                      {
  33   5      //                                      LEDBUF[7] = 22;
  34   5                                              temp = ~temp;
  35   5                                              temp = temp +1;
  36   5                                              tmp = temp;
  37   5                                              temp = tmp*0.0625*100;//两位小数
  38   5                                      }
  39   4                                      else
  40   4                                      {       
  41   5      //                                      LEDBUF[7] = 23;
  42   5                                              tmp = temp;
  43   5                                              temp = tmp * 0.0625 * 100;
  44   5                                      }
  45   4      //                              
  46   4      //                              if(temp >= 10000)
  47   4      //                                      LEDBUF[6] = temp/10000;
  48   4      //                              else
  49   4      //                                      LEDBUF[6] = 23;
  50   4      //                              if(temp >= 1000)
  51   4      //                                      LEDBUF[5] = temp/1000;
  52   4      //                              else
  53   4      //                                      LEDBUF[5] = 23;
  54   4      //                              LEDBUF[4] = temp/100%10;//个位
C51 COMPILER V9.60.0.0   MAIN                                                              04/12/2023 00:09:42 PAGE 2   

  55   4      //                              LEDBUF[3] = temp/10%10;//小数位
  56   4      //                              LEDBUF[2] = temp%10;//小数位
  57   4                              }
  58   3                      }
  59   2                      ET0 = 0;
  60   2                      tmp = temp*0.01;
  61   2                      printf("Temp=%f\r\c",tmp);
  62   2                      ET0 = 1;
  63   2                      Delayxms(10000);
  64   2              }
  65   1              
  66   1      }
  67          
  68          void Timer0_Init(void)          //1毫秒@11.0592MHz
  69          {
  70   1              TMOD &= 0xF0;                   //设置定时器模式
  71   1              TMOD |= 0x01;                   //设置定时器模式
  72   1              TL0 = 0x66;                             //设置定时初始值
  73   1              TH0 = 0xFC;                             //设置定时初始值
  74   1              TF0 = 0;                                //清除TF0标志
  75   1              ET0 = 1;
  76   1              EA = 1;
  77   1              TR0 = 1;                                //定时器0开始计时
  78   1      }
  79          
  80          
  81          
  82          void Timer0_ISR() interrupt 1
  83          {
  84   1              static unsigned char Timer0Cnt;
  85   1              TR0 = 0;
  86   1              display();
  87   1              Timer0Cnt++;
  88   1              if(Timer0Cnt==100)
  89   1              {
  90   2                      Timer0Cnt = 0;
  91   2                      flag = 1;
  92   2              }
  93   1              TL0 = 0x66;                             //设置定时初始值
  94   1              TH0 = 0xFC;                             //设置定时初始值
  95   1              TR0 = 1;
  96   1      }


MODULE INFORMATION:   STATIC OVERLAYABLE
   CODE SIZE        =    262    ----
   CONSTANT SIZE    =     10    ----
   XDATA SIZE       =   ----    ----
   PDATA SIZE       =   ----    ----
   DATA SIZE        =      2       6
   IDATA SIZE       =   ----    ----
   BIT SIZE         =   ----       1
END OF MODULE INFORMATION.


C51 COMPILATION COMPLETE.  0 WARNING(S),  0 ERROR(S)
