C51 COMPILER V9.60.0.0   MAIN                                                              04/06/2023 16:26:42 PAGE 1   


C51 COMPILER V9.60.0.0, COMPILATION OF MODULE MAIN
OBJECT MODULE PLACED IN ..\Output\main.obj
COMPILER INVOKED BY: d:\Keil_v5\C51\BIN\C51.EXE ..\Source\main.c OPTIMIZE(8,SPEED) BROWSE DEBUG OBJECTEXTEND PRINT(..\Li
                    -stings\main.lst) OBJECT(..\Output\main.obj)

line level    source

   1          #include <reg51.h>
   2          #include "UART.h"
   3          #include "delay.h"
   4          #include <stdio.h>
   5          #include "time.h"
   6          
   7          void UART_ser();
   8          
   9          unsigned char UART_Place=0;
  10          
  11          void main()
  12          {
  13   1              UartInit();
  14   1              Timer0_Init();
  15   1              EA = 1;
  16   1              while(1)
  17   1              {
  18   2                      UART_ser();
  19   2      //              Delayxms(1000);
  20   2              }
  21   1      }
  22          
  23          void UART_ser()
  24          {
  25   1              if (_testbit_ (Rec_Flag))
  26   1              {
  27   2                      if((RecBUF[0]=='o')&&(RecBUF[1]=='p')&&(RecBUF[2]=='e')&&(RecBUF[3]=='n')&&(RecBUF[4]=='\r')&&(RecBUF[5]
             -=='\n'))
  28   2                      {
  29   3                              P0 = ~P0;
  30   3                              P2 = (P2&0x1F)|0x80;
  31   3                              P2 = P2&0x1F;
  32   3                      }
  33   2                      SendString(RecBUF);
  34   2                      clr_RecBUF();
  35   2              }
  36   1      
  37   1      }


MODULE INFORMATION:   STATIC OVERLAYABLE
   CODE SIZE        =     76    ----
   CONSTANT SIZE    =   ----    ----
   XDATA SIZE       =   ----    ----
   PDATA SIZE       =   ----    ----
   DATA SIZE        =      1    ----
   IDATA SIZE       =   ----    ----
   BIT SIZE         =   ----    ----
END OF MODULE INFORMATION.


C51 COMPILATION COMPLETE.  0 WARNING(S),  0 ERROR(S)
