C51 COMPILER V9.60.0.0   MAIN                                                              03/18/2023 15:36:29 PAGE 1   


C51 COMPILER V9.60.0.0, COMPILATION OF MODULE MAIN
OBJECT MODULE PLACED IN ..\Output\main.obj
COMPILER INVOKED BY: d:\Keil_v5\C51\BIN\C51.EXE ..\Source\main.c OPTIMIZE(8,SPEED) BROWSE DEBUG OBJECTEXTEND PRINT(..\Li
                    -stings\main.lst) OBJECT(..\Output\main.obj)

line level    source

   1          #include <reg51.h>
   2          #include "I2C.h"
   3          #include "display.h"
   4          #include "E2PROM.h"
   5          #include "delay.h"
   6          void Timer0_Init(void);         //1毫秒@11.0592MHz
   7          void display_service();
   8          unsigned char BUF[8];
   9          unsigned char i=0;
  10          void main()
  11          {
  12   1      
  13   1              Timer0_Init();
  14   1              EEPRead(0x50,0x20,BUF,8);
  15   1              for(i=0;i<sizeof(BUF);i++)
  16   1              {
  17   2                      BUF[i] = BUF[i]+1;
  18   2              }
  19   1              E2PROMWritePage(0x50,0x20,BUF,8);
  20   1              while(1)
  21   1              {
  22   2                      display_service();
  23   2              }
  24   1      }
  25          
  26          void display_service()
  27          {
  28   1              LEDBUF[7] = BUF[7]%16;
  29   1              LEDBUF[6] = BUF[6]%16;
  30   1              LEDBUF[5] = BUF[5]%16;
  31   1              LEDBUF[4] = BUF[4]%16;
  32   1              LEDBUF[3] = BUF[3]%16;
  33   1              LEDBUF[2] = BUF[2]%16;
  34   1              LEDBUF[1] = BUF[1]%16;
  35   1              LEDBUF[0] = BUF[0]%16;
  36   1      }
  37          
  38          void Timer0_Isr(void) interrupt 1
  39          {
  40   1              TR0 = 0;
  41   1              display();
  42   1              TL0 = 0x66;                             //设置定时初始值
  43   1              TH0 = 0xFC;                             //设置定时初始值
  44   1              TR0 = 1;
  45   1      }
  46          
  47          void Timer0_Init(void)          //1毫秒@11.0592MHz
  48          {
  49   1              TMOD &= 0xF0;                   //设置定时器模式
  50   1              TMOD |= 0x01;                   //设置定时器模式
  51   1              TL0 = 0x66;                             //设置定时初始值
  52   1              TH0 = 0xFC;                             //设置定时初始值
  53   1              TF0 = 0;                                //清除TF0标志
  54   1              TR0 = 1;                                //定时器0开始计时
C51 COMPILER V9.60.0.0   MAIN                                                              03/18/2023 15:36:29 PAGE 2   

  55   1              ET0 = 1;                                //使能定时器0中断
  56   1              EA = 1;
  57   1      }


MODULE INFORMATION:   STATIC OVERLAYABLE
   CODE SIZE        =    203    ----
   CONSTANT SIZE    =   ----    ----
   XDATA SIZE       =   ----    ----
   PDATA SIZE       =   ----    ----
   DATA SIZE        =      9    ----
   IDATA SIZE       =   ----    ----
   BIT SIZE         =   ----    ----
END OF MODULE INFORMATION.


C51 COMPILATION COMPLETE.  0 WARNING(S),  0 ERROR(S)
