C51 COMPILER V9.60.0.0   MAIN                                                              01/17/2023 00:00:33 PAGE 1   


C51 COMPILER V9.60.0.0, COMPILATION OF MODULE MAIN
OBJECT MODULE PLACED IN ..\Output\main.obj
COMPILER INVOKED BY: d:\Keil_v5\C51\BIN\C51.EXE ..\Source\main.c OPTIMIZE(8,SPEED) BROWSE DEBUG OBJECTEXTEND PRINT(..\Li
                    -sting\main.lst) OBJECT(..\Output\main.obj)

line level    source

   1          #include <reg51.h>
   2          #include "display.h"
   3          #include "delay.h"
   4          
   5          void EX0_INT(void);
   6          void EX1_INT(void);
   7          void display_service();
   8          unsigned long param = 0;
   9          
  10          void main()
  11          {
  12   1              EX0_INT();
  13   1              EX1_INT();
  14   1              EA = 1;
  15   1              
  16   1              while(1)
  17   1              {
  18   2                      display_service();
  19   2              }
  20   1      }
  21          
  22          
  23          void display_service()
  24          {
  25   1              LEDBUF[7] = param/100000%10;
  26   1              LEDBUF[6] = param/10000%10;
  27   1              LEDBUF[5] = param/10000%10;
  28   1              LEDBUF[4] = param/1000%10;
  29   1              LEDBUF[3] = param/100%10;
  30   1              LEDBUF[2] = param/100%10;
  31   1              LEDBUF[1] = param/10%10;
  32   1              LEDBUF[0] = param%10;   
  33   1              display();
  34   1              
  35   1      }
  36          void EX0_INT(void)
  37          {
  38   1              IT0 = 1;
  39   1              EX0 = 1;
  40   1      
  41   1      }
  42          
  43          void EX1_INT(void)
  44          {
  45   1              IT1 = 1;
  46   1              EX1 = 1;
  47   1      
  48   1      }
  49          
  50          void EX0_ISR(void) interrupt 0
  51          {
  52   1              Delayxms(20);
  53   1              if(INT0 == 0)
  54   1              {
C51 COMPILER V9.60.0.0   MAIN                                                              01/17/2023 00:00:33 PAGE 2   

  55   2              param++;
  56   2              if(param > 99999999)
  57   2                      param = 0;
  58   2              }
  59   1      }
  60          
  61          void EX1_ISR(void) interrupt 2
  62          {
  63   1              Delayxms(20);
  64   1              if(INT1 == 0)
  65   1              {
  66   2              param--;
  67   2              if(param > 99999999)
  68   2                      param = 99999999;
  69   2              }
  70   1      }


MODULE INFORMATION:   STATIC OVERLAYABLE
   CODE SIZE        =    448    ----
   CONSTANT SIZE    =   ----    ----
   XDATA SIZE       =   ----    ----
   PDATA SIZE       =   ----    ----
   DATA SIZE        =      4    ----
   IDATA SIZE       =   ----    ----
   BIT SIZE         =   ----    ----
END OF MODULE INFORMATION.


C51 COMPILATION COMPLETE.  0 WARNING(S),  0 ERROR(S)
