C51 COMPILER V9.60.0.0   DELAY                                                             03/18/2023 17:41:31 PAGE 1   


C51 COMPILER V9.60.0.0, COMPILATION OF MODULE DELAY
OBJECT MODULE PLACED IN ..\Output\delay.obj
COMPILER INVOKED BY: d:\Keil_v5\C51\BIN\C51.EXE ..\Source\delay.c OPTIMIZE(8,SPEED) BROWSE DEBUG OBJECTEXTEND PRINT(..\L
                    -istings\delay.lst) OBJECT(..\Output\delay.obj)

line level    source

   1          #include "delay.h"
   2          
   3          void Delayxms(unsigned int xms)         //@11.0592MHz
   4          {
   5   1              unsigned char i, j, k;
   6   1              for(k=xms;k<0;k--)
   7   1              {
   8   2              _nop_();
   9   2              _nop_();
  10   2              _nop_();
  11   2              i = 11;
  12   2              j = 190;
  13   2              do
  14   2              {
  15   3                      while (--j);
  16   3              } while (--i);
  17   2              }
  18   1      }


MODULE INFORMATION:   STATIC OVERLAYABLE
   CODE SIZE        =     22    ----
   CONSTANT SIZE    =   ----    ----
   XDATA SIZE       =   ----    ----
   PDATA SIZE       =   ----    ----
   DATA SIZE        =   ----    ----
   IDATA SIZE       =   ----    ----
   BIT SIZE         =   ----    ----
END OF MODULE INFORMATION.


C51 COMPILATION COMPLETE.  0 WARNING(S),  0 ERROR(S)
