C51 COMPILER V9.60.0.0   MAIN                                                              03/18/2023 17:41:31 PAGE 1   


C51 COMPILER V9.60.0.0, COMPILATION OF MODULE MAIN
OBJECT MODULE PLACED IN ..\Output\main.obj
COMPILER INVOKED BY: d:\Keil_v5\C51\BIN\C51.EXE ..\Source\main.c OPTIMIZE(8,SPEED) BROWSE DEBUG OBJECTEXTEND PRINT(..\Li
                    -stings\main.lst) OBJECT(..\Output\main.obj)

line level    source

   1          #include <reg51.h>
   2          #include "E2PROM.h"
   3          #include "I2C.h"
   4          #include "display.h"
   5          void display_service();
   6          void Timer0_Init(void);
   7          #define Timers_cnt 200
   8          #define Start_E2PROM  0xAA
   9          
  10          unsigned char buf[3];
  11          unsigned int Count;
  12          
  13          void main()
  14          {
  15   1              Timer0_Init();
  16   1              EEPRead(0x50,0x00,buf,3);
  17   1              if(buf[0]!=Start_E2PROM)
  18   1              {
  19   2                      buf[0] = Start_E2PROM;
  20   2                      buf[1] = 1;
  21   2                      buf[2] = 0;
  22   2              }
  23   1              else
  24   1              {
  25   2                      buf[1]++;
  26   2                      if(buf[1] == Timers_cnt)
  27   2                      {
  28   3                              buf[1] = 0;
  29   3                              buf[2]++;
  30   3                              if(buf[2]==Timers_cnt)
  31   3                              {
  32   4                                      buf[1] = 1;
  33   4                                      buf[2] = 0;
  34   4                              }
  35   3                      }
  36   2              }
  37   1              EEPWrite(0x50,0x00,buf,3);
  38   1              Count = buf[2]* Timers_cnt+buf[1];
  39   1              while(1)
  40   1              {
  41   2                      display_service();
  42   2              }
  43   1      }
  44          
  45          void display_service()
  46          {
  47   1              LEDBUF[3] = Count/1000;
  48   1              LEDBUF[2] = Count/100%10;
  49   1              LEDBUF[1] = Count/10%10;
  50   1              LEDBUF[0] = Count%10;
  51   1      }
  52          
  53          void Timer0_Init(void)          //1毫秒@11.0592MHz
  54          {
C51 COMPILER V9.60.0.0   MAIN                                                              03/18/2023 17:41:31 PAGE 2   

  55   1              TMOD &= 0xF0;                   //设置定时器模式
  56   1              TL0 = 0x66;                             //设置定时初始值
  57   1              TH0 = 0xFC;                             //设置定时初始值
  58   1              TF0 = 0;                                //清除TF0标志
  59   1              ET0 = 1;
  60   1              EA =1;
  61   1              TR0 = 1;                                //定时器0开始计时
  62   1      }
  63          void Timer0_ISR() interrupt 1
  64          {
  65   1              TR0 = 0;
  66   1              display();
  67   1              TL0 = 0x66;                             //设置定时初始值
  68   1              TH0 = 0xFC;                             //设置定时初始值
  69   1              TR0 = 1;
  70   1      }


MODULE INFORMATION:   STATIC OVERLAYABLE
   CODE SIZE        =    252    ----
   CONSTANT SIZE    =   ----    ----
   XDATA SIZE       =   ----    ----
   PDATA SIZE       =   ----    ----
   DATA SIZE        =      5    ----
   IDATA SIZE       =   ----    ----
   BIT SIZE         =   ----    ----
END OF MODULE INFORMATION.


C51 COMPILATION COMPLETE.  0 WARNING(S),  0 ERROR(S)
