C51 COMPILER V9.60.0.0   KEY                                                               03/06/2023 22:38:52 PAGE 1   


C51 COMPILER V9.60.0.0, COMPILATION OF MODULE KEY
OBJECT MODULE PLACED IN ..\Output\key.obj
COMPILER INVOKED BY: d:\Keil_v5\C51\BIN\C51.EXE ..\Source\key.c OPTIMIZE(8,SPEED) BROWSE DEBUG OBJECTEXTEND PRINT(..\Lis
                    -tings\key.lst) OBJECT(..\Output\key.obj)

line level    source

   1          #include "key.h"
   2          
   3          unsigned char key_scan()
   4          {
   5   1              unsigned char KeyNum = 0;
   6   1              keyin1 = 1;keyin2 = 1;keyin3 = 1;keyin4 = 1;
   7   1              keyout1 = 0;keyout2 = 1;keyout3 = 1;keyout4 = 1;
   8   1              if(!keyin1|!keyin2|!keyin3|!keyin4)
   9   1              {
  10   2                      Delayxms(20);
  11   2                      if(!keyin1|!keyin2|!keyin3|!keyin4)
  12   2                      {
  13   3                              if(!keyin1)
  14   3                                      KeyNum = 4;
  15   3                              if(!keyin2)
  16   3                                      KeyNum = 5;
  17   3                              if(!keyin3)
  18   3                                      KeyNum = 6;
  19   3                              if(!keyin4)
  20   3                                      KeyNum = 7;
  21   3                      }while(!keyin1|!keyin2|!keyin3|!keyin4);
  22   2              }
  23   1              
  24   1              keyin1 = 1;keyin2 = 1;keyin3 = 1;keyin4 = 1;
  25   1              keyout1 = 1;keyout2 = 0;keyout3 = 1;keyout4 = 1;
  26   1              if(!keyin1|!keyin2|!keyin3|!keyin4)
  27   1              {
  28   2                      Delayxms(20);
  29   2                      if(!keyin1|!keyin2|!keyin3|!keyin4)
  30   2                      {
  31   3                              if(!keyin1)
  32   3                                      KeyNum = 8;
  33   3                              if(!keyin2)
  34   3                                      KeyNum = 9;
  35   3                              if(!keyin3)
  36   3                                      KeyNum = 10;
  37   3                              if(!keyin4)
  38   3                                      KeyNum = 11;
  39   3                      }while(!keyin1|!keyin2|!keyin3|!keyin4);
  40   2              }
  41   1              keyin1 = 1;keyin2 = 1;keyin3 = 1;keyin4 = 1;
  42   1              keyout1 = 1;keyout2 = 1;keyout3 = 0;keyout4 = 1;
  43   1              if(!keyin1|!keyin2|!keyin3|!keyin4)
  44   1              {
  45   2                      Delayxms(20);
  46   2                      if(!keyin1|!keyin2|!keyin3|!keyin4)
  47   2                      {
  48   3                              if(!keyin1)
  49   3                                      KeyNum = 12;
  50   3                              if(!keyin2)
  51   3                                      KeyNum = 13;
  52   3                              if(!keyin3)
  53   3                                      KeyNum = 14;
  54   3                              if(!keyin4)
C51 COMPILER V9.60.0.0   KEY                                                               03/06/2023 22:38:52 PAGE 2   

  55   3                                      KeyNum = 15;
  56   3                      }while(!keyin1|!keyin2|!keyin3|!keyin4);
  57   2              }
  58   1              keyin1 = 1;keyin2 = 1;keyin3 = 1;keyin4 = 1;
  59   1              keyout1 = 1;keyout2 = 1;keyout3 = 1;keyout4 = 0;
  60   1              if(!keyin1|!keyin2|!keyin3|!keyin4)
  61   1              {
  62   2                      Delayxms(20);
  63   2                      if(!keyin1|!keyin2|!keyin3|!keyin4)
  64   2                      {
  65   3                              if(!keyin1)
  66   3                                      KeyNum = 16;
  67   3                              if(!keyin2)
  68   3                                      KeyNum = 17;
  69   3                              if(!keyin3)
  70   3                                      KeyNum = 18;
  71   3                              if(!keyin4)
  72   3                                      KeyNum = 19;
  73   3                      }while(!keyin1|!keyin2|!keyin3|!keyin4);
  74   2              }
  75   1              return KeyNum;
  76   1      }


MODULE INFORMATION:   STATIC OVERLAYABLE
   CODE SIZE        =    325    ----
   CONSTANT SIZE    =   ----    ----
   XDATA SIZE       =   ----    ----
   PDATA SIZE       =   ----    ----
   DATA SIZE        =   ----       1
   IDATA SIZE       =   ----    ----
   BIT SIZE         =   ----    ----
END OF MODULE INFORMATION.


C51 COMPILATION COMPLETE.  0 WARNING(S),  0 ERROR(S)
