C51 COMPILER V9.60.0.0   MAIN                                                              01/15/2023 23:55:26 PAGE 1   


C51 COMPILER V9.60.0.0, COMPILATION OF MODULE MAIN
OBJECT MODULE PLACED IN ..\Output\main.obj
COMPILER INVOKED BY: d:\Keil_v5\C51\BIN\C51.EXE ..\Source\main.c OPTIMIZE(8,SPEED) BROWSE DEBUG OBJECTEXTEND PRINT(..\Li
                    -sting\main.lst) OBJECT(..\Output\main.obj)

line level    source

   1          #include <reg51.h>
   2          #include "matrixkey.h"
   3          #include "display.h"
   4          #include "delay.h"
   5          
   6          void main()
   7          {
   8   1              
   9   1              LEDBUF[0] = 23;
  10   1              LEDBUF[1] = 23;
  11   1              LEDBUF[2] = 23;
  12   1              LEDBUF[3] = 23;
  13   1              LEDBUF[4] = 23;
  14   1              LEDBUF[5] = 23;
  15   1              LEDBUF[6] = 23;
  16   1              
  17   1              while(1)
  18   1              {
  19   2                      switch(key_scan())
  20   2                      {
  21   3                              case 1:LEDBUF[7] = 1;break;
  22   3                              case 2:LEDBUF[7] = 2;break;
  23   3                              case 3:LEDBUF[7] = 3;break;
  24   3                              case 4:LEDBUF[7] = 4;break;
  25   3                              case 5:LEDBUF[7] = 5;break;
  26   3                              case 6:LEDBUF[7] = 6;break;
  27   3                              case 7:LEDBUF[7] = 7;break;
  28   3                              case 8:LEDBUF[7] = 8;break;
  29   3                              case 9:LEDBUF[7] = 9;break;
  30   3                              case 10:LEDBUF[7] = 10;break;
  31   3                              case 11:LEDBUF[7] = 11;break;
  32   3                              case 12:LEDBUF[7] = 12;break;
  33   3                              case 13:LEDBUF[7] = 13;break;
  34   3                              case 14:LEDBUF[7] = 14;break;
  35   3                              case 15:LEDBUF[7] = 15;break;
  36   3                              case 16:LEDBUF[7] = 16;break;
  37   3                              default:break;
  38   3                      }
  39   2                      display();
  40   2              
  41   2              }
  42   1      }


MODULE INFORMATION:   STATIC OVERLAYABLE
   CODE SIZE        =    180    ----
   CONSTANT SIZE    =   ----    ----
   XDATA SIZE       =   ----    ----
   PDATA SIZE       =   ----    ----
   DATA SIZE        =   ----    ----
   IDATA SIZE       =   ----    ----
   BIT SIZE         =   ----    ----
END OF MODULE INFORMATION.


C51 COMPILATION COMPLETE.  0 WARNING(S),  0 ERROR(S)
