C51 COMPILER V9.60.0.0   DELAY                                                             04/06/2023 19:08:39 PAGE 1   


C51 COMPILER V9.60.0.0, COMPILATION OF MODULE DELAY
OBJECT MODULE PLACED IN ..\Output\delay.obj
COMPILER INVOKED BY: d:\Keil_v5\C51\BIN\C51.EXE ..\Source\delay.c OPTIMIZE(8,SPEED) BROWSE DEBUG OBJECTEXTEND PRINT(..\L
                    -istings\delay.lst) OBJECT(..\Output\delay.obj)

line level    source

   1          #include "delay.h"
   2          
   3          //void Delayxms(unsigned int xms)               //@11.0592MHz
   4          //{
   5          //      unsigned char i, j, k;
   6          //      for(k=xms;k<0;k--)
   7          //      {
   8          //      _nop_();
   9          //      _nop_();
  10          //      _nop_();
  11          //      i = 11;
  12          //      j = 190;
  13          //      do
  14          //      {
  15          //              while (--j);
  16          //      } while (--i);
  17          //      }
  18          //}
  19          
  20          void Delay12us()                //@11.0592MHz
  21          {
  22   1              unsigned char i;
  23   1      
  24   1              _nop_();
  25   1              _nop_();
  26   1              _nop_();
  27   1              i = 30;
  28   1              while (--i);
  29   1      }
  30          


MODULE INFORMATION:   STATIC OVERLAYABLE
   CODE SIZE        =      8    ----
   CONSTANT SIZE    =   ----    ----
   XDATA SIZE       =   ----    ----
   PDATA SIZE       =   ----    ----
   DATA SIZE        =   ----    ----
   IDATA SIZE       =   ----    ----
   BIT SIZE         =   ----    ----
END OF MODULE INFORMATION.


C51 COMPILATION COMPLETE.  0 WARNING(S),  0 ERROR(S)
